[2026-03-16 04:41:56] START source=C:\Users\Smedj\AppData\Roaming\zaap\gamesLogs\wakfu\logs target=H:\Code\Wakfuassistant\logs\realtime pollMs=1000
[2026-03-16 04:41:56] SYNC file=wakfu.log size=426522
[2026-03-16 04:41:56] SYNC file=wakfu.log.1 size=1053644
[2026-03-16 04:41:56] SYNC file=wakfu.log.2 size=1053681
[2026-03-16 04:41:56] SYNC file=wakfu_animation.log size=759466
[2026-03-16 04:41:56] SYNC file=wakfu_animation.log.1 size=1048717
[2026-03-16 04:41:56] SYNC file=wakfu_animation.log.2 size=1048702
[2026-03-16 04:41:56] SYNC file=wakfu_camera.log size=0
[2026-03-16 04:41:56] SYNC file=wakfu_chat.log size=102808
[2026-03-16 04:41:56] SYNC file=wakfu_chat.log.1 size=1061055
[2026-03-16 04:41:56] SYNC file=wakfu_chat.log.2 size=1053309
[2026-03-16 04:41:56] SYNC file=wakfu_fileLoading.log size=0
[2026-03-16 04:41:56] SYNC file=wakfu_lua.log size=7604
[2026-03-16 04:41:56] SYNC file=wakfu_particles_scripts.log size=0
[2026-03-16 04:41:56] SYNC file=wakfu_theme.log size=0
[2026-03-16 04:41:57] SYNC file=wakfu_chat.log size=103116
[2026-03-16 04:43:17] SYNC file=wakfu.log size=426627
[2026-03-16 04:44:13] SYNC file=wakfu_chat.log size=103186
[2026-03-16 04:47:07] SYNC file=wakfu.log size=426776
[2026-03-16 04:47:07] SYNC file=wakfu_chat.log size=103300
[2026-03-16 04:47:08] SYNC file=wakfu.log size=426894
[2026-03-16 04:47:08] SYNC file=wakfu_chat.log size=103383
[2026-03-16 04:47:24] SYNC file=wakfu.log size=426993
[2026-03-16 04:47:25] SYNC file=wakfu.log size=427899
[2026-03-16 04:47:30] SYNC file=wakfu.log size=428224
[2026-03-16 04:47:35] SYNC file=wakfu.log size=429034
[2026-03-16 04:47:35] SYNC file=wakfu_chat.log size=103550
[2026-03-16 04:47:42] SYNC file=wakfu.log size=430458
[2026-03-16 04:47:48] SYNC file=wakfu.log size=430566
[2026-03-16 04:47:50] SYNC file=wakfu.log size=430712
[2026-03-16 04:47:51] SYNC file=wakfu.log size=430848
[2026-03-16 04:47:52] SYNC file=wakfu.log size=430994
[2026-03-16 04:47:56] SYNC file=wakfu.log size=431098
[2026-03-16 04:47:57] SYNC file=wakfu_chat.log size=103619
[2026-03-16 04:47:58] SYNC file=wakfu.log size=431254
[2026-03-16 04:48:06] SYNC file=wakfu.log size=431466
[2026-03-16 04:48:17] SYNC file=wakfu.log size=431868
[2026-03-16 04:48:18] SYNC file=wakfu.log size=432148
[2026-03-16 04:48:20] SYNC file=wakfu.log size=432294
[2026-03-16 04:48:22] SYNC file=wakfu.log size=432440
[2026-03-16 04:48:24] SYNC file=wakfu.log size=432586
[2026-03-16 04:48:49] SYNC file=wakfu.log size=432760
[2026-03-16 04:48:50] SYNC file=wakfu_chat.log size=103758
[2026-03-16 04:48:53] SYNC file=wakfu.log size=432894
[2026-03-16 04:49:19] SYNC file=wakfu.log size=432987
[2026-03-16 04:49:19] SYNC file=wakfu_chat.log size=103816
[2026-03-16 04:49:39] SYNC file=wakfu.log size=433132
[2026-03-16 04:49:54] SYNC file=wakfu.log size=433266
[2026-03-16 04:50:03] SYNC file=wakfu.log size=433361
[2026-03-16 04:50:04] SYNC file=wakfu_chat.log size=103876
[2026-03-16 04:50:25] SYNC file=wakfu.log size=433495
[2026-03-16 04:50:27] SYNC file=wakfu.log size=433640
[2026-03-16 04:50:29] SYNC file=wakfu.log size=433763
[2026-03-16 04:50:29] SYNC file=wakfu_chat.log size=103964
[2026-03-16 04:50:49] SYNC file=wakfu.log size=433908
[2026-03-16 04:51:31] SYNC file=wakfu.log size=434042
[2026-03-16 04:51:48] SYNC file=wakfu.log size=434187
[2026-03-16 04:52:05] SYNC file=wakfu.log size=434391
[2026-03-16 04:52:23] SYNC file=wakfu.log size=434785
[2026-03-16 04:52:47] SYNC file=wakfu.log size=434902
[2026-03-16 04:52:47] SYNC file=wakfu_chat.log size=104046
[2026-03-16 04:52:53] SYNC file=wakfu.log size=434985
[2026-03-16 04:52:53] SYNC file=wakfu_chat.log size=104094
[2026-03-16 04:53:00] SYNC file=wakfu.log size=435085
[2026-03-16 04:53:01] SYNC file=wakfu_chat.log size=104159
[2026-03-16 04:53:12] SYNC file=wakfu.log size=435177
[2026-03-16 04:53:12] SYNC file=wakfu_chat.log size=104216
[2026-03-16 04:53:24] SYNC file=wakfu.log size=435497
[2026-03-16 04:53:24] SYNC file=wakfu_chat.log size=104381
[2026-03-16 04:53:29] SYNC file=wakfu.log size=435642
[2026-03-16 04:53:38] SYNC file=wakfu.log size=435757
[2026-03-16 04:53:38] SYNC file=wakfu_chat.log size=104461
[2026-03-16 04:54:04] SYNC file=wakfu.log size=435875
[2026-03-16 04:54:05] SYNC file=wakfu_chat.log size=104544
[2026-03-16 04:54:06] SYNC file=wakfu.log size=435998
[2026-03-16 04:54:07] SYNC file=wakfu_chat.log size=104632
[2026-03-16 04:54:30] SYNC file=wakfu.log size=436266
[2026-03-16 04:54:31] SYNC file=wakfu.log size=436400
[2026-03-16 04:54:57] SYNC file=wakfu.log size=436668
[2026-03-16 04:55:07] SYNC file=wakfu.log size=437070
[2026-03-16 04:55:09] SYNC file=wakfu.log size=437204
[2026-03-16 04:55:17] SYNC file=wakfu.log size=437801
[2026-03-16 04:55:19] SYNC file=wakfu.log size=438054
[2026-03-16 04:55:38] SYNC file=wakfu.log size=438146
[2026-03-16 04:55:39] SYNC file=wakfu_chat.log size=104689
[2026-03-16 04:55:46] SYNC file=wakfu.log size=438350
[2026-03-16 04:56:02] SYNC file=wakfu.log size=438618
[2026-03-16 04:56:08] SYNC file=wakfu.log size=438704
[2026-03-16 04:56:09] SYNC file=wakfu_chat.log size=104740
[2026-03-16 04:56:16] SYNC file=wakfu.log size=438849
[2026-03-16 04:56:18] SYNC file=wakfu.log size=439551
[2026-03-16 04:56:59] SYNC file=wakfu.log size=439947
[2026-03-16 04:57:05] SYNC file=wakfu.log size=440151
[2026-03-16 04:57:16] SYNC file=wakfu.log size=440296
[2026-03-16 04:57:26] SYNC file=wakfu.log size=440380
[2026-03-16 04:57:26] SYNC file=wakfu_chat.log size=104789
[2026-03-16 04:57:33] SYNC file=wakfu.log size=441082
[2026-03-16 04:58:00] SYNC file=wakfu.log size=441251
[2026-03-16 04:58:01] SYNC file=wakfu_chat.log size=104923
[2026-03-16 04:58:03] SYNC file=wakfu.log size=441385
[2026-03-16 04:58:07] SYNC file=wakfu.log size=441653
[2026-03-16 04:58:24] SYNC file=wakfu.log size=441733
[2026-03-16 04:58:25] SYNC file=wakfu_chat.log size=104968
[2026-03-16 04:58:26] SYNC file=wakfu.log size=441867
[2026-03-16 04:58:48] SYNC file=wakfu.log size=442262
[2026-03-16 04:58:52] SYNC file=wakfu.log size=442466
[2026-03-16 04:59:04] SYNC file=wakfu.log size=442600
[2026-03-16 04:59:05] SYNC file=wakfu.log size=443002
[2026-03-16 04:59:15] SYNC file=wakfu.log size=443110
[2026-03-16 04:59:16] SYNC file=wakfu_chat.log size=105041
[2026-03-16 04:59:24] SYNC file=wakfu.log size=443812
[2026-03-16 04:59:47] SYNC file=wakfu.log size=443936
[2026-03-16 04:59:48] SYNC file=wakfu_chat.log size=105130
[2026-03-16 04:59:59] SYNC file=wakfu.log size=444081
[2026-03-16 05:00:01] SYNC file=wakfu.log size=444226
[2026-03-16 05:00:03] SYNC file=wakfu.log size=444896
[2026-03-16 05:00:10] SYNC file=wakfu.log size=445832
[2026-03-16 05:00:12] SYNC file=wakfu.log size=446234
[2026-03-16 05:00:13] SYNC file=wakfu.log size=446368
[2026-03-16 05:00:20] SYNC file=wakfu.log size=446502
[2026-03-16 05:00:21] SYNC file=wakfu.log size=446636
[2026-03-16 05:00:32] SYNC file=wakfu.log size=447032
[2026-03-16 05:00:34] SYNC file=wakfu.log size=447177
[2026-03-16 05:00:39] SYNC file=wakfu.log size=447381
[2026-03-16 05:00:47] SYNC file=wakfu.log size=447615
[2026-03-16 05:00:58] SYNC file=wakfu.log size=447733
[2026-03-16 05:00:58] SYNC file=wakfu_chat.log size=105213
[2026-03-16 05:01:17] SYNC file=wakfu.log size=448435
[2026-03-16 05:01:27] SYNC file=wakfu.log size=448545
[2026-03-16 05:01:28] SYNC file=wakfu_chat.log size=105288
[2026-03-16 05:01:44] SYNC file=wakfu.log size=448679
[2026-03-16 05:01:46] SYNC file=wakfu.log size=448874
[2026-03-16 05:02:06] SYNC file=wakfu.log size=449019
[2026-03-16 05:02:22] SYNC file=wakfu.log size=449955
[2026-03-16 05:02:23] SYNC file=wakfu.log size=450491
[2026-03-16 05:02:44] SYNC file=wakfu.log size=450589
[2026-03-16 05:02:44] SYNC file=wakfu_chat.log size=105351
[2026-03-16 05:02:50] SYNC file=wakfu.log size=450985
[2026-03-16 05:03:04] SYNC file=wakfu.log size=451119
[2026-03-16 05:03:06] SYNC file=wakfu.log size=451253
[2026-03-16 05:03:16] SYNC file=wakfu.log size=451457
[2026-03-16 05:03:25] SYNC file=wakfu.log size=451691
[2026-03-16 05:03:48] SYNC file=wakfu.log size=451825
[2026-03-16 05:04:45] SYNC file=wakfu.log size=452227
[2026-03-16 05:04:46] SYNC file=wakfu.log size=452361
[2026-03-16 05:04:55] SYNC file=wakfu.log size=452495
[2026-03-16 05:05:10] SYNC file=wakfu.log size=453431
[2026-03-16 05:06:10] SYNC file=wakfu.log size=453826
[2026-03-16 05:06:17] SYNC file=wakfu.log size=454030
[2026-03-16 05:06:18] SYNC file=wakfu.log size=454298
[2026-03-16 05:06:29] SYNC file=wakfu.log size=454532
[2026-03-16 05:07:04] SYNC file=wakfu.log size=455234
[2026-03-16 05:07:16] SYNC file=wakfu.log size=455368
[2026-03-16 05:07:23] SYNC file=wakfu.log size=455770
[2026-03-16 05:07:26] SYNC file=wakfu.log size=456038
[2026-03-16 05:07:50] SYNC file=wakfu.log size=456132
[2026-03-16 05:07:50] SYNC file=wakfu_chat.log size=105410
[2026-03-16 05:08:19] SYNC file=wakfu.log size=456834
[2026-03-16 05:08:24] SYNC file=wakfu.log size=456939
[2026-03-16 05:08:24] SYNC file=wakfu_chat.log size=105480
[2026-03-16 05:08:26] SYNC file=wakfu.log size=457054
[2026-03-16 05:08:27] SYNC file=wakfu_chat.log size=105560
[2026-03-16 05:08:47] SYNC file=wakfu.log size=457188
[2026-03-16 05:08:51] SYNC file=wakfu.log size=457322
[2026-03-16 05:09:08] SYNC file=wakfu.log size=457717
[2026-03-16 05:09:13] SYNC file=wakfu.log size=457921
[2026-03-16 05:09:30] SYNC file=wakfu.log size=458189
[2026-03-16 05:09:31] SYNC file=wakfu.log size=458423
[2026-03-16 05:09:51] SYNC file=wakfu.log size=458557
[2026-03-16 05:09:52] SYNC file=wakfu.log size=458702
[2026-03-16 05:10:08] SYNC file=wakfu.log size=458836
[2026-03-16 05:10:09] SYNC file=wakfu.log size=458981
[2026-03-16 05:10:13] SYNC file=wakfu.log size=459683
[2026-03-16 05:10:29] SYNC file=wakfu.log size=459791
[2026-03-16 05:10:29] SYNC file=wakfu_chat.log size=105633
[2026-03-16 05:10:39] SYNC file=wakfu.log size=459983
[2026-03-16 05:10:41] SYNC file=wakfu.log size=460079
[2026-03-16 05:10:42] SYNC file=wakfu.log size=460175
[2026-03-16 05:10:43] SYNC file=wakfu.log size=461842
[2026-03-16 05:11:04] SYNC file=wakfu.log size=462146
[2026-03-16 05:11:54] SYNC file=wakfu.log size=462548
[2026-03-16 05:11:55] SYNC file=wakfu.log size=462816
[2026-03-16 05:12:02] SYNC file=wakfu.log size=462896
[2026-03-16 05:12:02] SYNC file=wakfu_chat.log size=105678
[2026-03-16 05:12:57] SYNC file=wakfu.log size=463150
[2026-03-16 05:12:58] SYNC file=wakfu_chat.log size=105897
[2026-03-16 05:15:29] SYNC file=wakfu.log size=463268
[2026-03-16 05:15:29] SYNC file=wakfu_chat.log size=105980
[2026-03-16 05:16:47] SYNC file=wakfu.log size=463362
[2026-03-16 05:16:47] SYNC file=wakfu_chat.log size=106039
[2026-03-16 05:17:39] SYNC file=wakfu.log size=463479
[2026-03-16 05:17:39] SYNC file=wakfu_chat.log size=106121
[2026-03-16 05:17:57] SYNC file=wakfu.log size=463635
[2026-03-16 05:18:41] SYNC file=wakfu.log size=464153
[2026-03-16 05:20:06] SYNC file=wakfu.log size=464287
[2026-03-16 05:20:08] SYNC file=wakfu.log size=464421
[2026-03-16 05:20:23] SYNC file=wakfu.log size=464555
[2026-03-16 05:20:31] SYNC file=wakfu.log size=464646
[2026-03-16 05:20:31] SYNC file=wakfu_chat.log size=106177
[2026-03-16 05:20:52] SYNC file=wakfu.log size=464780
[2026-03-16 05:20:54] SYNC file=wakfu.log size=464914
[2026-03-16 05:20:56] SYNC file=wakfu.log size=464994
[2026-03-16 05:20:56] SYNC file=wakfu_chat.log size=106222
[2026-03-16 05:21:18] SYNC file=wakfu.log size=465319
[2026-03-16 05:21:19] SYNC file=wakfu.log size=465688
[2026-03-16 05:21:21] SYNC file=wakfu.log size=466375
[2026-03-16 05:21:22] SYNC file=wakfu.log size=466531
[2026-03-16 05:21:22] SYNC file=wakfu_chat.log size=106343
[2026-03-16 05:21:26] SYNC file=wakfu.log size=466874
[2026-03-16 05:21:26] SYNC file=wakfu_chat.log size=106505
[2026-03-16 05:21:29] SYNC file=wakfu.log size=466995
[2026-03-16 05:21:29] SYNC file=wakfu_chat.log size=106591
[2026-03-16 05:21:30] SYNC file=wakfu.log size=467096
[2026-03-16 05:21:30] SYNC file=wakfu_chat.log size=106657
[2026-03-16 05:21:31] SYNC file=wakfu.log size=467323
[2026-03-16 05:21:31] SYNC file=wakfu_chat.log size=106814
[2026-03-16 05:21:33] SYNC file=wakfu.log size=467450
[2026-03-16 05:21:33] SYNC file=wakfu_chat.log size=106906
[2026-03-16 05:21:34] SYNC file=wakfu.log size=467808
[2026-03-16 05:21:34] SYNC file=wakfu_chat.log size=107159
[2026-03-16 05:21:35] SYNC file=wakfu.log size=467918
[2026-03-16 05:21:35] SYNC file=wakfu_chat.log size=107234
[2026-03-16 05:21:36] SYNC file=wakfu.log size=468165
[2026-03-16 05:21:37] SYNC file=wakfu_chat.log size=107411
[2026-03-16 05:21:38] SYNC file=wakfu.log size=468660
[2026-03-16 05:21:38] SYNC file=wakfu_chat.log size=107500
[2026-03-16 05:21:40] SYNC file=wakfu.log size=469995
[2026-03-16 05:21:40] SYNC file=wakfu_chat.log size=108079
[2026-03-16 05:21:41] SYNC file=wakfu_chat.log size=108681
[2026-03-16 05:21:44] SYNC file=wakfu.log size=470217
[2026-03-16 05:21:44] SYNC file=wakfu_chat.log size=108767
[2026-03-16 05:21:45] SYNC file=wakfu_chat.log size=108833
[2026-03-16 05:21:46] SYNC file=wakfu.log size=470444
[2026-03-16 05:21:46] SYNC file=wakfu_chat.log size=108990
[2026-03-16 05:21:47] SYNC file=wakfu.log size=470571
[2026-03-16 05:21:48] SYNC file=wakfu.log size=470925
[2026-03-16 05:21:48] SYNC file=wakfu_chat.log size=109082
[2026-03-16 05:21:49] SYNC file=wakfu_chat.log size=109331
[2026-03-16 05:21:50] SYNC file=wakfu.log size=471038
[2026-03-16 05:21:51] SYNC file=wakfu_chat.log size=109409
[2026-03-16 05:21:52] SYNC file=wakfu.log size=471546
[2026-03-16 05:21:52] SYNC file=wakfu_chat.log size=109742
[2026-03-16 05:21:53] SYNC file=wakfu.log size=471787
[2026-03-16 05:21:54] SYNC file=wakfu.log size=471917
[2026-03-16 05:21:54] SYNC file=wakfu_chat.log size=110008
[2026-03-16 05:21:55] SYNC file=wakfu.log size=472124
[2026-03-16 05:21:59] SYNC file=wakfu.log size=472245
[2026-03-16 05:22:00] SYNC file=wakfu.log size=472346
[2026-03-16 05:22:00] SYNC file=wakfu_chat.log size=110094
[2026-03-16 05:22:01] SYNC file=wakfu.log size=472948
[2026-03-16 05:22:01] SYNC file=wakfu_chat.log size=110249
[2026-03-16 05:22:02] SYNC file=wakfu.log size=473075
[2026-03-16 05:22:02] SYNC file=wakfu_chat.log size=110587
[2026-03-16 05:22:03] SYNC file=wakfu.log size=473433
[2026-03-16 05:22:03] SYNC file=wakfu_chat.log size=110679
[2026-03-16 05:22:04] SYNC file=wakfu.log size=473562
[2026-03-16 05:22:04] SYNC file=wakfu_chat.log size=110932
[2026-03-16 05:22:05] SYNC file=wakfu.log size=474301
[2026-03-16 05:22:05] SYNC file=wakfu_chat.log size=111026
[2026-03-16 05:22:06] SYNC file=wakfu_chat.log size=111555
[2026-03-16 05:22:07] SYNC file=wakfu.log size=474953
[2026-03-16 05:22:08] SYNC file=wakfu.log size=475740
[2026-03-16 05:22:08] SYNC file=wakfu_chat.log size=112032
[2026-03-16 05:22:09] SYNC file=wakfu.log size=476599
[2026-03-16 05:22:09] SYNC file=wakfu_chat.log size=113036
[2026-03-16 05:22:12] SYNC file=wakfu.log size=476707
[2026-03-16 05:22:12] SYNC file=wakfu_chat.log size=113109
[2026-03-16 05:22:22] SYNC file=wakfu.log size=476807
[2026-03-16 05:22:22] SYNC file=wakfu_chat.log size=113174
[2026-03-16 05:22:27] SYNC file=wakfu.log size=476897
[2026-03-16 05:22:27] SYNC file=wakfu_chat.log size=113229
[2026-03-16 05:23:23] SYNC file=wakfu.log size=477026
[2026-03-16 05:23:23] SYNC file=wakfu_chat.log size=113323
[2026-03-16 05:25:07] SYNC file=wakfu.log size=477141
[2026-03-16 05:25:07] SYNC file=wakfu_chat.log size=113403
[2026-03-16 05:25:13] SYNC file=wakfu.log size=477240
[2026-03-16 05:25:13] SYNC file=wakfu_chat.log size=113467
[2026-03-16 05:25:30] SYNC file=wakfu.log size=477341
[2026-03-16 05:25:31] SYNC file=wakfu_chat.log size=113533
[2026-03-16 05:26:11] SYNC file=wakfu.log size=477459
[2026-03-16 05:26:11] SYNC file=wakfu_chat.log size=113616
[2026-03-16 05:26:57] SYNC file=wakfu.log size=477713
[2026-03-16 05:26:57] SYNC file=wakfu_chat.log size=113835
[2026-03-16 05:27:37] SYNC file=wakfu.log size=477825
[2026-03-16 05:27:37] SYNC file=wakfu_chat.log size=113912
[2026-03-16 05:28:43] SYNC file=wakfu.log size=477923
[2026-03-16 05:28:43] SYNC file=wakfu_chat.log size=113975
[2026-03-16 05:29:21] SYNC file=wakfu.log size=478227
[2026-03-16 05:29:23] SYNC file=wakfu.log size=478531
[2026-03-16 05:29:24] SYNC file=wakfu.log size=479139
[2026-03-16 05:29:42] SYNC file=wakfu.log size=479226
[2026-03-16 05:31:03] SYNC file=wakfu.log size=479360
[2026-03-16 05:31:03] SYNC file=wakfu_chat.log size=114074
[2026-03-16 05:32:36] SYNC file=wakfu.log size=479762
[2026-03-16 05:34:58] SYNC file=wakfu.log size=479885
[2026-03-16 05:34:59] SYNC file=wakfu_chat.log size=114162
[2026-03-16 05:41:24] SYNC file=wakfu.log size=479974
[2026-03-16 05:41:24] SYNC file=wakfu_chat.log size=114216
[2026-03-16 05:44:42] SYNC file=wakfu.log size=480089
[2026-03-16 05:44:42] SYNC file=wakfu_chat.log size=114296
[2026-03-16 05:45:44] SYNC file=wakfu.log size=485474
[2026-03-16 05:45:45] SYNC file=wakfu_animation.log size=764410
[2026-03-16 05:45:57] SYNC file=wakfu.log size=485581
[2026-03-16 05:45:59] SYNC file=wakfu.log size=485822
[2026-03-16 05:46:12] SYNC file=wakfu.log size=485956
[2026-03-16 05:46:14] SYNC file=wakfu.log size=486281
[2026-03-16 05:46:31] SYNC file=wakfu.log size=486373
[2026-03-16 05:46:31] SYNC file=wakfu_chat.log size=114353
[2026-03-16 05:46:45] SYNC file=wakfu.log size=486480
[2026-03-16 05:46:45] SYNC file=wakfu_chat.log size=114425
[2026-03-16 05:47:02] SYNC file=wakfu.log size=486694
[2026-03-16 05:47:03] SYNC file=wakfu.log size=486801
[2026-03-16 05:47:13] SYNC file=wakfu.log size=486869
[2026-03-16 05:47:27] SYNC file=wakfu.log size=487137
[2026-03-16 05:47:36] SYNC file=wakfu.log size=487271
[2026-03-16 05:47:51] SYNC file=wakfu.log size=487405
[2026-03-16 05:48:01] SYNC file=wakfu.log size=487539
[2026-03-16 05:48:07] SYNC file=wakfu.log size=487949
[2026-03-16 05:48:08] SYNC file=wakfu_chat.log size=114511
[2026-03-16 05:48:14] SYNC file=wakfu.log size=488770
[2026-03-16 05:48:27] SYNC file=wakfu.log size=489038
[2026-03-16 05:48:39] SYNC file=wakfu.log size=489138
[2026-03-16 05:48:41] SYNC file=wakfu.log size=489480
[2026-03-16 05:48:42] SYNC file=wakfu_chat.log size=114688
[2026-03-16 05:48:44] SYNC file=wakfu.log size=489587
[2026-03-16 05:48:45] SYNC file=wakfu.log size=489721
[2026-03-16 05:48:46] SYNC file=wakfu.log size=490096
[2026-03-16 05:48:54] SYNC file=wakfu.log size=490230
[2026-03-16 05:48:59] SYNC file=wakfu.log size=490364
[2026-03-16 05:49:21] SYNC file=wakfu.log size=490498
[2026-03-16 05:49:46] SYNC file=wakfu.log size=490632
[2026-03-16 05:49:58] SYNC file=wakfu.log size=490749
[2026-03-16 05:49:59] SYNC file=wakfu.log size=491459
[2026-03-16 05:49:59] SYNC file=wakfu_chat.log size=115085
[2026-03-16 05:50:06] SYNC file=wakfu.log size=491576
[2026-03-16 05:50:06] SYNC file=wakfu_chat.log size=115167
[2026-03-16 05:50:52] SYNC file=wakfu.log size=491666
[2026-03-16 05:50:52] SYNC file=wakfu_chat.log size=115222
[2026-03-16 05:51:34] SYNC file=wakfu.log size=491766
[2026-03-16 05:51:37] SYNC file=wakfu.log size=492108
[2026-03-16 05:51:37] SYNC file=wakfu_chat.log size=115399
[2026-03-16 05:51:44] SYNC file=wakfu.log size=492208
[2026-03-16 05:51:47] SYNC file=wakfu.log size=492550
[2026-03-16 05:51:47] SYNC file=wakfu_chat.log size=115576
[2026-03-16 05:51:48] SYNC file=wakfu.log size=492650
[2026-03-16 05:51:50] SYNC file=wakfu.log size=492992
[2026-03-16 05:51:50] SYNC file=wakfu_chat.log size=115753
[2026-03-16 05:51:51] SYNC file=wakfu.log size=493092
[2026-03-16 05:51:53] SYNC file=wakfu.log size=493434
[2026-03-16 05:51:53] SYNC file=wakfu_chat.log size=115930
[2026-03-16 05:51:55] SYNC file=wakfu.log size=493534
[2026-03-16 05:51:58] SYNC file=wakfu.log size=493876
[2026-03-16 05:51:58] SYNC file=wakfu_chat.log size=116107
[2026-03-16 05:52:03] SYNC file=wakfu.log size=493983
[2026-03-16 05:52:04] SYNC file=wakfu.log size=494224
[2026-03-16 05:52:05] SYNC file=wakfu.log size=494358
[2026-03-16 05:52:06] SYNC file=wakfu.log size=494840
[2026-03-16 05:55:36] SYNC file=wakfu.log size=495058
[2026-03-16 05:56:25] SYNC file=wakfu.log size=495181
[2026-03-16 05:56:25] SYNC file=wakfu_chat.log size=116195
[2026-03-16 05:56:45] SYNC file=wakfu.log size=495699
[2026-03-16 05:56:55] SYNC file=wakfu.log size=496068
[2026-03-16 05:56:58] SYNC file=wakfu.log size=497125
[2026-03-16 05:56:58] SYNC file=wakfu_chat.log size=116316
[2026-03-16 05:57:00] SYNC file=wakfu.log size=498663
[2026-03-16 05:57:00] SYNC file=wakfu_chat.log size=116561
[2026-03-16 05:57:01] SYNC file=wakfu.log size=498882
[2026-03-16 05:57:01] SYNC file=wakfu_chat.log size=116710
[2026-03-16 05:57:02] SYNC file=wakfu.log size=499012
[2026-03-16 05:57:02] SYNC file=wakfu_chat.log size=116805
[2026-03-16 05:57:03] SYNC file=wakfu.log size=499349
[2026-03-16 05:57:03] SYNC file=wakfu_chat.log size=117037
[2026-03-16 05:57:04] SYNC file=wakfu.log size=499451
[2026-03-16 05:57:04] SYNC file=wakfu_chat.log size=117104
[2026-03-16 05:57:05] SYNC file=wakfu.log size=500055
[2026-03-16 05:57:05] SYNC file=wakfu_chat.log size=117533
[2026-03-16 05:57:06] SYNC file=wakfu.log size=500182
[2026-03-16 05:57:06] SYNC file=wakfu_chat.log size=117625
[2026-03-16 05:57:07] SYNC file=wakfu.log size=500661
[2026-03-16 05:57:07] SYNC file=wakfu_chat.log size=117964
[2026-03-16 05:57:09] SYNC file=wakfu.log size=500883
[2026-03-16 05:57:09] SYNC file=wakfu_chat.log size=118116
[2026-03-16 05:57:10] SYNC file=wakfu.log size=501007
[2026-03-16 05:57:10] SYNC file=wakfu_chat.log size=118205
[2026-03-16 05:57:11] SYNC file=wakfu.log size=501608
[2026-03-16 05:57:11] SYNC file=wakfu_chat.log size=118631
[2026-03-16 05:57:12] SYNC file=wakfu.log size=501974
[2026-03-16 05:57:12] SYNC file=wakfu_chat.log size=118892
[2026-03-16 05:57:13] SYNC file=wakfu.log size=502210
[2026-03-16 05:57:13] SYNC file=wakfu_chat.log size=119058
[2026-03-16 05:57:15] SYNC file=wakfu.log size=502703
[2026-03-16 05:57:15] SYNC file=wakfu_chat.log size=119411
[2026-03-16 05:57:16] SYNC file=wakfu.log size=503264
[2026-03-16 05:57:16] SYNC file=wakfu_chat.log size=119797
[2026-03-16 05:57:19] SYNC file=wakfu.log size=503503
[2026-03-16 05:57:19] SYNC file=wakfu_chat.log size=119966
[2026-03-16 05:57:20] SYNC file=wakfu.log size=504525
[2026-03-16 05:57:20] SYNC file=wakfu_chat.log size=120673
[2026-03-16 05:57:30] SYNC file=wakfu.log size=504633
[2026-03-16 05:57:30] SYNC file=wakfu_chat.log size=120746
[2026-03-16 05:57:31] SYNC file=wakfu.log size=504928
[2026-03-16 05:57:31] SYNC file=wakfu_chat.log size=120936
[2026-03-16 05:57:54] SYNC file=wakfu.log size=505041
[2026-03-16 05:57:54] SYNC file=wakfu_chat.log size=121014
[2026-03-16 05:57:55] SYNC file=wakfu.log size=505549
[2026-03-16 05:57:55] SYNC file=wakfu_chat.log size=121347
[2026-03-16 05:57:57] SYNC file=wakfu.log size=505678
[2026-03-16 05:57:58] SYNC file=wakfu.log size=506539
[2026-03-16 05:57:58] SYNC file=wakfu_chat.log size=121441
[2026-03-16 05:57:59] SYNC file=wakfu.log size=507148
[2026-03-16 05:57:59] SYNC file=wakfu_chat.log size=122057
[2026-03-16 05:58:00] SYNC file=wakfu_chat.log size=122491
[2026-03-16 05:58:01] SYNC file=wakfu.log size=507373
[2026-03-16 05:58:02] SYNC file=wakfu.log size=507491
[2026-03-16 05:58:02] SYNC file=wakfu_chat.log size=122547
[2026-03-16 05:58:03] SYNC file=wakfu_chat.log size=122630
[2026-03-16 05:58:04] SYNC file=wakfu.log size=507621
[2026-03-16 05:58:05] SYNC file=wakfu_chat.log size=122725
[2026-03-16 05:58:07] SYNC file=wakfu.log size=508091
[2026-03-16 05:58:08] SYNC file=wakfu.log size=508845
[2026-03-16 05:58:08] SYNC file=wakfu_chat.log size=122919
[2026-03-16 05:58:09] SYNC file=wakfu_chat.log size=123463
[2026-03-16 05:58:12] SYNC file=wakfu.log size=508966
[2026-03-16 05:58:13] SYNC file=wakfu.log size=509067
[2026-03-16 05:58:13] SYNC file=wakfu_chat.log size=123549
[2026-03-16 05:58:14] SYNC file=wakfu.log size=509304
[2026-03-16 05:58:14] SYNC file=wakfu_chat.log size=123615
[2026-03-16 05:58:15] SYNC file=wakfu.log size=509421
[2026-03-16 05:58:15] SYNC file=wakfu_chat.log size=123864
[2026-03-16 05:58:17] SYNC file=wakfu.log size=509548
[2026-03-16 05:58:17] SYNC file=wakfu_chat.log size=123956
[2026-03-16 05:58:18] SYNC file=wakfu.log size=510033
[2026-03-16 05:58:18] SYNC file=wakfu_chat.log size=124301
[2026-03-16 05:58:21] SYNC file=wakfu.log size=510162
[2026-03-16 05:58:21] SYNC file=wakfu_chat.log size=124395
[2026-03-16 05:58:22] SYNC file=wakfu.log size=511442
[2026-03-16 05:58:22] SYNC file=wakfu_chat.log size=125290
[2026-03-16 05:58:23] SYNC file=wakfu.log size=511557
[2026-03-16 05:58:23] SYNC file=wakfu_chat.log size=125370
[2026-03-16 05:58:29] SYNC file=wakfu.log size=511676
[2026-03-16 05:58:30] SYNC file=wakfu_chat.log size=125454
[2026-03-16 05:58:31] SYNC file=wakfu.log size=511798
[2026-03-16 05:58:32] SYNC file=wakfu_chat.log size=125541
[2026-03-16 05:58:34] SYNC file=wakfu.log size=512020
[2026-03-16 05:58:34] SYNC file=wakfu_chat.log size=125627
[2026-03-16 05:58:35] SYNC file=wakfu_chat.log size=125693
[2026-03-16 05:58:36] SYNC file=wakfu.log size=512264
[2026-03-16 05:58:36] SYNC file=wakfu_chat.log size=125867
[2026-03-16 05:58:37] SYNC file=wakfu.log size=512519
[2026-03-16 05:58:37] SYNC file=wakfu_chat.log size=126052
[2026-03-16 05:58:39] SYNC file=wakfu.log size=512629
[2026-03-16 05:58:39] SYNC file=wakfu_chat.log size=126127
[2026-03-16 05:58:40] SYNC file=wakfu.log size=512876
[2026-03-16 05:58:40] SYNC file=wakfu_chat.log size=126304
[2026-03-16 05:58:41] SYNC file=wakfu.log size=513000
[2026-03-16 05:58:41] SYNC file=wakfu_chat.log size=126393
[2026-03-16 05:58:42] SYNC file=wakfu.log size=514177
[2026-03-16 05:58:42] SYNC file=wakfu_chat.log size=127220
[2026-03-16 05:58:43] SYNC file=wakfu.log size=515122
[2026-03-16 05:58:43] SYNC file=wakfu_chat.log size=127733
[2026-03-16 05:58:45] SYNC file=wakfu.log size=515491
[2026-03-16 05:58:47] SYNC file=wakfu.log size=516118
[2026-03-16 05:58:47] SYNC file=wakfu_chat.log size=127854
[2026-03-16 05:58:51] SYNC file=wakfu.log size=516999
[2026-03-16 05:58:51] SYNC file=wakfu_chat.log size=128016
[2026-03-16 05:58:52] SYNC file=wakfu.log size=517117
[2026-03-16 05:58:53] SYNC file=wakfu.log size=517332
[2026-03-16 05:58:53] SYNC file=wakfu_chat.log size=128244
[2026-03-16 05:58:54] SYNC file=wakfu.log size=517474
[2026-03-16 05:58:54] SYNC file=wakfu_chat.log size=128351
[2026-03-16 05:58:55] SYNC file=wakfu.log size=517811
[2026-03-16 05:58:55] SYNC file=wakfu_chat.log size=128583
[2026-03-16 05:58:56] SYNC file=wakfu.log size=517913
[2026-03-16 05:58:56] SYNC file=wakfu_chat.log size=128650
[2026-03-16 05:58:57] SYNC file=wakfu.log size=518135
[2026-03-16 05:58:57] SYNC file=wakfu_chat.log size=128736
[2026-03-16 05:58:58] SYNC file=wakfu_chat.log size=128802
[2026-03-16 05:58:59] SYNC file=wakfu.log size=518489
[2026-03-16 05:58:59] SYNC file=wakfu_chat.log size=129051
[2026-03-16 05:59:00] SYNC file=wakfu.log size=518847
[2026-03-16 05:59:00] SYNC file=wakfu_chat.log size=129304
[2026-03-16 05:59:02] SYNC file=wakfu.log size=518957
[2026-03-16 05:59:02] SYNC file=wakfu_chat.log size=129379
[2026-03-16 05:59:03] SYNC file=wakfu.log size=519204
[2026-03-16 05:59:03] SYNC file=wakfu_chat.log size=129556
[2026-03-16 05:59:04] SYNC file=wakfu.log size=519328
[2026-03-16 05:59:04] SYNC file=wakfu_chat.log size=129645
[2026-03-16 05:59:05] SYNC file=wakfu.log size=520505
[2026-03-16 05:59:05] SYNC file=wakfu_chat.log size=130472
[2026-03-16 05:59:06] SYNC file=wakfu.log size=521548
[2026-03-16 05:59:06] SYNC file=wakfu_chat.log size=131048
[2026-03-16 05:59:12] SYNC file=wakfu.log size=521682
[2026-03-16 05:59:19] SYNC file=wakfu.log size=522051
[2026-03-16 05:59:21] SYNC file=wakfu.log size=522679
[2026-03-16 05:59:21] SYNC file=wakfu_chat.log size=131169
[2026-03-16 05:59:23] SYNC file=wakfu.log size=523022
[2026-03-16 05:59:23] SYNC file=wakfu_chat.log size=131331
[2026-03-16 05:59:28] SYNC file=wakfu.log size=523143
[2026-03-16 05:59:28] SYNC file=wakfu_chat.log size=131417
[2026-03-16 05:59:29] SYNC file=wakfu.log size=523244
[2026-03-16 05:59:29] SYNC file=wakfu_chat.log size=131483
[2026-03-16 05:59:30] SYNC file=wakfu.log size=523471
[2026-03-16 05:59:30] SYNC file=wakfu_chat.log size=131640
[2026-03-16 05:59:32] SYNC file=wakfu.log size=523598
[2026-03-16 05:59:32] SYNC file=wakfu_chat.log size=131732
[2026-03-16 05:59:33] SYNC file=wakfu.log size=524073
[2026-03-16 05:59:33] SYNC file=wakfu_chat.log size=132067
[2026-03-16 05:59:35] SYNC file=wakfu.log size=524183
[2026-03-16 05:59:35] SYNC file=wakfu_chat.log size=132142
[2026-03-16 05:59:36] SYNC file=wakfu.log size=524430
[2026-03-16 05:59:36] SYNC file=wakfu_chat.log size=132319
[2026-03-16 05:59:37] SYNC file=wakfu.log size=525077
[2026-03-16 05:59:37] SYNC file=wakfu_chat.log size=132791
[2026-03-16 05:59:38] SYNC file=wakfu.log size=527289
[2026-03-16 05:59:38] SYNC file=wakfu_chat.log size=134186
[2026-03-16 06:02:24] SYNC file=wakfu.log size=527396
[2026-03-16 06:02:24] SYNC file=wakfu_chat.log size=134258
[2026-03-16 06:02:40] SYNC file=wakfu.log size=528813
[2026-03-16 06:02:45] SYNC file=wakfu.log size=532613
[2026-03-16 06:02:46] SYNC file=wakfu_chat.log size=134545
[2026-03-16 06:03:02] SYNC file=wakfu.log size=532702
[2026-03-16 06:03:02] SYNC file=wakfu_chat.log size=134599
[2026-03-16 06:03:33] SYNC file=wakfu.log size=532847
[2026-03-16 06:03:49] SYNC file=wakfu.log size=532992
[2026-03-16 06:04:17] SYNC file=wakfu.log size=533126
[2026-03-16 06:04:18] SYNC file=wakfu.log size=533260
[2026-03-16 06:04:27] SYNC file=wakfu.log size=533690
[2026-03-16 06:04:28] SYNC file=wakfu_chat.log size=134688
[2026-03-16 06:04:29] SYNC file=wakfu.log size=533958
[2026-03-16 06:04:30] SYNC file=wakfu.log size=534092
[2026-03-16 06:05:47] SYNC file=wakfu.log size=534509
[2026-03-16 06:05:47] SYNC file=wakfu_chat.log size=134766
[2026-03-16 06:05:54] SYNC file=wakfu.log size=534668
[2026-03-16 06:05:59] SYNC file=wakfu.log size=534827
[2026-03-16 06:06:02] SYNC file=wakfu.log size=534985
[2026-03-16 06:06:06] SYNC file=wakfu.log size=535572
[2026-03-16 06:06:06] SYNC file=wakfu_chat.log size=135028
[2026-03-16 06:06:07] SYNC file=wakfu.log size=535731
[2026-03-16 06:06:12] SYNC file=wakfu.log size=535890
[2026-03-16 06:06:17] SYNC file=wakfu.log size=536048
[2026-03-16 06:06:40] SYNC file=wakfu.log size=538425
[2026-03-16 06:06:41] SYNC file=wakfu.log size=540851
[2026-03-16 06:06:47] SYNC file=wakfu.log size=541089
[2026-03-16 06:06:50] SYNC file=wakfu.log size=542529
[2026-03-16 06:06:50] SYNC file=wakfu_chat.log size=135149
[2026-03-16 06:06:51] SYNC file=wakfu.log size=542640
[2026-03-16 06:06:52] SYNC file=wakfu.log size=543004
[2026-03-16 06:06:52] SYNC file=wakfu_chat.log size=135316
[2026-03-16 06:06:58] SYNC file=wakfu.log size=543116
[2026-03-16 06:06:58] SYNC file=wakfu_chat.log size=135393
[2026-03-16 06:06:59] SYNC file=wakfu.log size=543335
[2026-03-16 06:06:59] SYNC file=wakfu_chat.log size=135542
[2026-03-16 06:07:00] SYNC file=wakfu.log size=543442
[2026-03-16 06:07:00] SYNC file=wakfu_chat.log size=135614
[2026-03-16 06:07:02] SYNC file=wakfu.log size=543556
[2026-03-16 06:07:02] SYNC file=wakfu_chat.log size=135693
[2026-03-16 06:07:03] SYNC file=wakfu.log size=543776
[2026-03-16 06:07:03] SYNC file=wakfu_chat.log size=135843
[2026-03-16 06:07:04] SYNC file=wakfu.log size=543891
[2026-03-16 06:07:04] SYNC file=wakfu_chat.log size=135923
[2026-03-16 06:07:05] SYNC file=wakfu.log size=544005
[2026-03-16 06:07:05] SYNC file=wakfu_chat.log size=136002
[2026-03-16 06:07:06] SYNC file=wakfu.log size=544359
[2026-03-16 06:07:06] SYNC file=wakfu_chat.log size=136141
[2026-03-16 06:07:08] SYNC file=wakfu.log size=544459
[2026-03-16 06:07:08] SYNC file=wakfu_chat.log size=136206
[2026-03-16 06:07:14] SYNC file=wakfu.log size=544827
[2026-03-16 06:07:14] SYNC file=wakfu_chat.log size=136469
[2026-03-16 06:07:18] SYNC file=wakfu.log size=544942
[2026-03-16 06:07:18] SYNC file=wakfu_chat.log size=136549
[2026-03-16 06:07:19] SYNC file=wakfu.log size=545178
[2026-03-16 06:07:19] SYNC file=wakfu_chat.log size=136715
[2026-03-16 06:07:20] SYNC file=wakfu.log size=545284
[2026-03-16 06:07:20] SYNC file=wakfu_chat.log size=136786
[2026-03-16 06:07:21] SYNC file=wakfu.log size=545390
[2026-03-16 06:07:21] SYNC file=wakfu_chat.log size=136857
[2026-03-16 06:07:22] SYNC file=wakfu.log size=545495
[2026-03-16 06:07:22] SYNC file=wakfu_chat.log size=136927
[2026-03-16 06:07:29] SYNC file=wakfu.log size=545614
[2026-03-16 06:07:29] SYNC file=wakfu_chat.log size=137011
[2026-03-16 06:07:32] SYNC file=wakfu.log size=545834
[2026-03-16 06:07:32] SYNC file=wakfu_chat.log size=137161
[2026-03-16 06:07:33] SYNC file=wakfu.log size=545948
[2026-03-16 06:07:33] SYNC file=wakfu_chat.log size=137240
[2026-03-16 06:07:34] SYNC file=wakfu.log size=546164
[2026-03-16 06:07:34] SYNC file=wakfu_chat.log size=137386
[2026-03-16 06:07:35] SYNC file=wakfu.log size=546264
[2026-03-16 06:07:35] SYNC file=wakfu_chat.log size=137451
[2026-03-16 06:07:37] SYNC file=wakfu.log size=546409
[2026-03-16 06:07:41] SYNC file=wakfu.log size=546628
[2026-03-16 06:07:42] SYNC file=wakfu_chat.log size=137600
[2026-03-16 06:07:45] SYNC file=wakfu.log size=547435
[2026-03-16 06:07:46] SYNC file=wakfu_chat.log size=138162
[2026-03-16 06:07:47] SYNC file=wakfu.log size=548313
[2026-03-16 06:07:48] SYNC file=wakfu_chat.log size=138604
[2026-03-16 06:07:49] SYNC file=wakfu.log size=548619
[2026-03-16 06:07:52] SYNC file=wakfu.log size=549611
[2026-03-16 06:07:53] SYNC file=wakfu.log size=550343
[2026-03-16 06:07:53] SYNC file=wakfu_chat.log size=139186
[2026-03-16 06:07:54] SYNC file=wakfu_chat.log size=139353
[2026-03-16 06:08:02] SYNC file=wakfu.log size=550488
[2026-03-16 06:08:07] SYNC file=wakfu.log size=550633
[2026-03-16 06:09:18] SYNC file=wakfu.log size=552148
[2026-03-16 06:09:21] SYNC file=wakfu.log size=555535
[2026-03-16 06:09:21] SYNC file=wakfu_chat.log size=139640
[2026-03-16 06:09:29] SYNC file=wakfu.log size=555652
[2026-03-16 06:09:29] SYNC file=wakfu_chat.log size=139722
[2026-03-16 06:09:36] SYNC file=wakfu.log size=558195
[2026-03-16 06:09:37] SYNC file=wakfu.log size=560621
[2026-03-16 06:09:47] SYNC file=wakfu.log size=560935
[2026-03-16 06:09:47] SYNC file=wakfu_chat.log size=139856
[2026-03-16 06:09:49] SYNC file=wakfu.log size=561035
[2026-03-16 06:09:50] SYNC file=wakfu.log size=561243
[2026-03-16 06:09:50] SYNC file=wakfu_chat.log size=139934
[2026-03-16 06:10:13] SYNC file=wakfu.log size=561481
[2026-03-16 06:10:16] SYNC file=wakfu.log size=562101
[2026-03-16 06:10:16] SYNC file=wakfu_chat.log size=140055
[2026-03-16 06:10:18] SYNC file=wakfu.log size=562342
[2026-03-16 06:10:20] SYNC file=wakfu.log size=562570
[2026-03-16 06:10:20] SYNC file=wakfu_chat.log size=140213
[2026-03-16 06:10:21] SYNC file=wakfu.log size=563444
[2026-03-16 06:10:21] SYNC file=wakfu_chat.log size=140666
[2026-03-16 06:10:22] SYNC file=wakfu.log size=563589
[2026-03-16 06:10:22] SYNC file=wakfu_chat.log size=140776
[2026-03-16 06:10:29] SYNC file=wakfu.log size=563675
[2026-03-16 06:10:30] SYNC file=wakfu.log size=563811
[2026-03-16 06:10:37] SYNC file=wakfu.log size=565232
[2026-03-16 06:10:38] SYNC file=wakfu.log size=565326
[2026-03-16 06:10:42] SYNC file=wakfu.log size=567495
[2026-03-16 06:10:43] SYNC file=wakfu.log size=569400
[2026-03-16 06:10:43] SYNC file=wakfu_chat.log size=140996
[2026-03-16 06:10:54] SYNC file=wakfu.log size=569468
[2026-03-16 06:13:13] SYNC file=wakfu.log size=569602
[2026-03-16 06:13:51] SYNC file=wakfu.log size=569870
[2026-03-16 06:15:12] SYNC file=wakfu.log size=570195
[2026-03-16 06:15:13] SYNC file=wakfu.log size=570433
[2026-03-16 06:15:15] SYNC file=wakfu.log size=571051
[2026-03-16 06:15:16] SYNC file=wakfu.log size=572866
[2026-03-16 06:15:16] SYNC file=wakfu_chat.log size=141117
[2026-03-16 06:15:29] SYNC file=wakfu.log size=573209
[2026-03-16 06:15:29] SYNC file=wakfu_chat.log size=141279
[2026-03-16 06:15:30] SYNC file=wakfu.log size=573321
[2026-03-16 06:15:31] SYNC file=wakfu_chat.log size=141356
[2026-03-16 06:15:32] SYNC file=wakfu.log size=573742
[2026-03-16 06:15:33] SYNC file=wakfu_chat.log size=141637
[2026-03-16 06:15:34] SYNC file=wakfu.log size=573949
[2026-03-16 06:15:34] SYNC file=wakfu_chat.log size=141774
[2026-03-16 06:15:37] SYNC file=wakfu.log size=574070
[2026-03-16 06:15:37] SYNC file=wakfu_chat.log size=141860
[2026-03-16 06:15:38] SYNC file=wakfu.log size=574171
[2026-03-16 06:15:38] SYNC file=wakfu_chat.log size=141926
[2026-03-16 06:15:39] SYNC file=wakfu.log size=574701
[2026-03-16 06:15:39] SYNC file=wakfu_chat.log size=142281
[2026-03-16 06:15:40] SYNC file=wakfu.log size=574816
[2026-03-16 06:15:41] SYNC file=wakfu.log size=575467
[2026-03-16 06:15:41] SYNC file=wakfu_chat.log size=142433
[2026-03-16 06:15:42] SYNC file=wakfu_chat.log size=142802
[2026-03-16 06:15:44] SYNC file=wakfu.log size=575577
[2026-03-16 06:15:44] SYNC file=wakfu_chat.log size=142877
[2026-03-16 06:15:45] SYNC file=wakfu.log size=575804
[2026-03-16 06:15:45] SYNC file=wakfu_chat.log size=143034
[2026-03-16 06:15:46] SYNC file=wakfu.log size=576025
[2026-03-16 06:15:46] SYNC file=wakfu_chat.log size=143185
[2026-03-16 06:15:47] SYNC file=wakfu.log size=578226
[2026-03-16 06:15:47] SYNC file=wakfu_chat.log size=143819
[2026-03-16 06:15:48] SYNC file=wakfu_chat.log size=144569
[2026-03-16 06:18:33] SYNC file=wakfu.log size=578360
[2026-03-16 06:18:36] SYNC file=wakfu.log size=578494
[2026-03-16 06:19:26] SYNC file=wakfu.log size=578602
[2026-03-16 06:19:26] SYNC file=wakfu_chat.log size=144642
[2026-03-16 06:22:47] SYNC file=wakfu.log size=578727
[2026-03-16 06:22:47] SYNC file=wakfu_chat.log size=144732
[2026-03-16 06:22:48] SYNC file=wakfu.log size=578840
[2026-03-16 06:22:48] SYNC file=wakfu_chat.log size=144810
[2026-03-16 06:23:47] SYNC file=wakfu.log size=590978
[2026-03-16 06:23:47] SYNC file=wakfu_animation.log size=776461
[2026-03-16 06:23:48] SYNC file=wakfu.log size=663284
[2026-03-16 06:23:48] SYNC file=wakfu_animation.log size=848767
[2026-03-16 06:23:52] SYNC file=wakfu.log size=663902
[2026-03-16 06:23:53] SYNC file=wakfu.log size=664019
[2026-03-16 06:23:53] SYNC file=wakfu_animation.log size=849385
[2026-03-16 06:23:54] SYNC file=wakfu.log size=664102
[2026-03-16 06:23:56] SYNC file=wakfu.log size=664219
[2026-03-16 06:23:57] SYNC file=wakfu.log size=664302
[2026-03-16 06:23:58] SYNC file=wakfu.log size=665538
[2026-03-16 06:23:59] SYNC file=wakfu.log size=666582
[2026-03-16 06:23:59] SYNC file=wakfu_animation.log size=850621
[2026-03-16 06:24:00] SYNC file=wakfu.log size=666665
[2026-03-16 06:24:00] SYNC file=wakfu_animation.log size=851548
[2026-03-16 06:24:02] SYNC file=wakfu.log size=666782
[2026-03-16 06:24:03] SYNC file=wakfu.log size=667483
[2026-03-16 06:24:04] SYNC file=wakfu.log size=668218
[2026-03-16 06:24:04] SYNC file=wakfu_animation.log size=852475
[2026-03-16 06:24:06] SYNC file=wakfu_animation.log size=852784
[2026-03-16 06:24:07] SYNC file=wakfu.log size=670464
[2026-03-16 06:24:07] SYNC file=wakfu_animation.log size=853711
[2026-03-16 06:24:08] SYNC file=wakfu.log size=672318
[2026-03-16 06:24:08] SYNC file=wakfu_animation.log size=856492
[2026-03-16 06:24:09] SYNC file=wakfu.log size=673053
[2026-03-16 06:24:09] SYNC file=wakfu_animation.log size=857419
[2026-03-16 06:24:10] SYNC file=wakfu.log size=673253
[2026-03-16 06:24:12] SYNC file=wakfu.log size=673645
[2026-03-16 06:24:13] SYNC file=wakfu_animation.log size=857728
[2026-03-16 06:24:14] SYNC file=wakfu.log size=673762
[2026-03-16 06:24:15] SYNC file=wakfu.log size=673845
[2026-03-16 06:24:16] SYNC file=wakfu.log size=674154
[2026-03-16 06:24:17] SYNC file=wakfu.log size=674271
[2026-03-16 06:24:17] SYNC file=wakfu_animation.log size=858037
[2026-03-16 06:24:18] SYNC file=wakfu.log size=674354
[2026-03-16 06:24:20] SYNC file=wakfu.log size=674471
[2026-03-16 06:24:21] SYNC file=wakfu.log size=674554
[2026-03-16 06:24:25] SYNC file=wakfu.log size=674863
[2026-03-16 06:24:26] SYNC file=wakfu_animation.log size=858346
[2026-03-16 06:24:27] SYNC file=wakfu.log size=675188
[2026-03-16 06:24:29] SYNC file=wakfu.log size=675304
[2026-03-16 06:24:32] SYNC file=wakfu.log size=675625
[2026-03-16 06:24:32] SYNC file=wakfu_chat.log size=144978
[2026-03-16 06:24:34] SYNC file=wakfu.log size=675742
[2026-03-16 06:24:37] SYNC file=wakfu.log size=676059
[2026-03-16 06:24:38] SYNC file=wakfu_chat.log size=145142
[2026-03-16 06:24:40] SYNC file=wakfu.log size=676176
[2026-03-16 06:24:44] SYNC file=wakfu.log size=676509
[2026-03-16 06:24:44] SYNC file=wakfu_chat.log size=145322
[2026-03-16 06:24:47] SYNC file=wakfu.log size=676626
[2026-03-16 06:24:50] SYNC file=wakfu.log size=676958
[2026-03-16 06:24:50] SYNC file=wakfu_chat.log size=145501
[2026-03-16 06:24:52] SYNC file=wakfu.log size=677074
[2026-03-16 06:24:55] SYNC file=wakfu.log size=677396
[2026-03-16 06:24:55] SYNC file=wakfu_chat.log size=145670
[2026-03-16 06:24:57] SYNC file=wakfu.log size=677510
[2026-03-16 06:24:57] SYNC file=wakfu_chat.log size=145749
[2026-03-16 06:24:59] SYNC file=wakfu.log size=677587
[2026-03-16 06:25:02] SYNC file=wakfu.log size=677914
[2026-03-16 06:25:02] SYNC file=wakfu_chat.log size=145925
[2026-03-16 06:25:03] SYNC file=wakfu.log size=677991
[2026-03-16 06:25:06] SYNC file=wakfu.log size=678318
[2026-03-16 06:25:06] SYNC file=wakfu_chat.log size=146101
[2026-03-16 06:25:07] SYNC file=wakfu.log size=678395
[2026-03-16 06:25:10] SYNC file=wakfu.log size=678681
[2026-03-16 06:25:10] SYNC file=wakfu_chat.log size=146236
[2026-03-16 06:25:12] SYNC file=wakfu.log size=678758
[2026-03-16 06:25:15] SYNC file=wakfu.log size=679085
[2026-03-16 06:25:15] SYNC file=wakfu_chat.log size=146412
[2026-03-16 06:25:16] SYNC file=wakfu.log size=679162
[2026-03-16 06:25:19] SYNC file=wakfu.log size=679489
[2026-03-16 06:25:19] SYNC file=wakfu_chat.log size=146588
[2026-03-16 06:25:41] SYNC file=wakfu.log size=679793
[2026-03-16 06:25:43] SYNC file=wakfu.log size=680097
[2026-03-16 06:26:48] SYNC file=wakfu.log size=680238
[2026-03-16 06:26:48] SYNC file=wakfu_chat.log size=146694
[2026-03-16 06:31:46] SYNC file=wakfu.log size=680343
[2026-03-16 06:31:47] SYNC file=wakfu_chat.log size=146764
[2026-03-16 06:33:47] SYNC file=wakfu.log size=680974
[2026-03-16 06:33:47] SYNC file=wakfu_chat.log size=147165
[2026-03-16 06:34:49] SYNC file=wakfu.log size=681061
[2026-03-16 06:35:25] SYNC file=wakfu.log size=681152
[2026-03-16 06:35:25] SYNC file=wakfu_chat.log size=147221
[2026-03-16 06:42:52] SYNC file=wakfu.log size=681307
[2026-03-16 06:42:52] SYNC file=wakfu_chat.log size=147341
[2026-03-16 06:43:52] SYNC file=wakfu.log size=681445
[2026-03-16 06:43:52] SYNC file=wakfu_chat.log size=147444
[2026-03-16 06:44:20] SYNC file=wakfu.log size=681749
[2026-03-16 06:48:09] SYNC file=wakfu.log size=681918
[2026-03-16 06:48:09] SYNC file=wakfu_chat.log size=147578
[2026-03-16 06:48:35] SYNC file=wakfu.log size=682035
[2026-03-16 06:48:38] SYNC file=wakfu.log size=682357
[2026-03-16 06:48:39] SYNC file=wakfu_chat.log size=147747
[2026-03-16 06:48:40] SYNC file=wakfu.log size=682473
[2026-03-16 06:48:43] SYNC file=wakfu.log size=682795
[2026-03-16 06:48:44] SYNC file=wakfu.log size=682912
[2026-03-16 06:48:44] SYNC file=wakfu_chat.log size=147916
[2026-03-16 06:48:47] SYNC file=wakfu.log size=683234
[2026-03-16 06:48:48] SYNC file=wakfu.log size=683350
[2026-03-16 06:48:48] SYNC file=wakfu_chat.log size=148085
[2026-03-16 06:48:51] SYNC file=wakfu.log size=683672
[2026-03-16 06:48:52] SYNC file=wakfu_chat.log size=148254
[2026-03-16 06:48:53] SYNC file=wakfu.log size=683789
[2026-03-16 06:48:55] SYNC file=wakfu.log size=684179
[2026-03-16 06:48:56] SYNC file=wakfu.log size=684296
[2026-03-16 06:48:59] SYNC file=wakfu.log size=684628
[2026-03-16 06:49:00] SYNC file=wakfu.log size=684742
[2026-03-16 06:49:00] SYNC file=wakfu_chat.log size=148433
[2026-03-16 06:49:01] SYNC file=wakfu.log size=685007
[2026-03-16 06:49:01] SYNC file=wakfu_chat.log size=148599
[2026-03-16 06:49:02] SYNC file=wakfu.log size=685272
[2026-03-16 06:49:03] SYNC file=wakfu.log size=685406
[2026-03-16 06:49:03] SYNC file=wakfu_chat.log size=148686
[2026-03-16 06:49:05] SYNC file=wakfu.log size=685520
[2026-03-16 06:49:05] SYNC file=wakfu_chat.log size=148765
[2026-03-16 06:49:06] SYNC file=wakfu.log size=685597
[2026-03-16 06:49:09] SYNC file=wakfu.log size=685924
[2026-03-16 06:49:09] SYNC file=wakfu_chat.log size=148941
[2026-03-16 06:49:10] SYNC file=wakfu.log size=686001
[2026-03-16 06:49:13] SYNC file=wakfu.log size=686328
[2026-03-16 06:49:13] SYNC file=wakfu_chat.log size=149117
[2026-03-16 06:49:15] SYNC file=wakfu.log size=686405
[2026-03-16 06:49:18] SYNC file=wakfu.log size=686691
[2026-03-16 06:49:18] SYNC file=wakfu_chat.log size=149252
[2026-03-16 06:49:20] SYNC file=wakfu.log size=686768
[2026-03-16 06:49:22] SYNC file=wakfu.log size=687054
[2026-03-16 06:49:23] SYNC file=wakfu_chat.log size=149387
[2026-03-16 06:49:40] SYNC file=wakfu.log size=687168
[2026-03-16 06:49:40] SYNC file=wakfu_chat.log size=149466
[2026-03-16 06:49:41] SYNC file=wakfu.log size=687245
[2026-03-16 06:49:45] SYNC file=wakfu.log size=687572
[2026-03-16 06:49:45] SYNC file=wakfu_chat.log size=149642
[2026-03-16 06:49:47] SYNC file=wakfu.log size=687689
[2026-03-16 06:49:50] SYNC file=wakfu.log size=688021
[2026-03-16 06:49:51] SYNC file=wakfu_chat.log size=149821
[2026-03-16 06:49:53] SYNC file=wakfu.log size=688135
[2026-03-16 06:49:54] SYNC file=wakfu_chat.log size=149900
[2026-03-16 06:49:55] SYNC file=wakfu.log size=688212
[2026-03-16 06:49:58] SYNC file=wakfu.log size=688539
[2026-03-16 06:49:58] SYNC file=wakfu_chat.log size=150076
[2026-03-16 06:50:02] SYNC file=wakfu.log size=688673
[2026-03-16 06:50:10] SYNC file=wakfu.log size=688807
[2026-03-16 06:50:24] SYNC file=wakfu.log size=688924
[2026-03-16 06:50:27] SYNC file=wakfu.log size=689246
[2026-03-16 06:50:28] SYNC file=wakfu.log size=689363
[2026-03-16 06:50:28] SYNC file=wakfu_chat.log size=150245
[2026-03-16 06:50:32] SYNC file=wakfu.log size=689684
[2026-03-16 06:50:32] SYNC file=wakfu_chat.log size=150413
[2026-03-16 06:50:33] SYNC file=wakfu.log size=689800
[2026-03-16 06:50:36] SYNC file=wakfu.log size=690121
[2026-03-16 06:50:37] SYNC file=wakfu_chat.log size=150581
[2026-03-16 06:50:38] SYNC file=wakfu.log size=690238
[2026-03-16 06:50:41] SYNC file=wakfu.log size=690559
[2026-03-16 06:50:41] SYNC file=wakfu_chat.log size=150749
[2026-03-16 06:50:43] SYNC file=wakfu.log size=690676
[2026-03-16 06:50:45] SYNC file=wakfu.log size=690759
[2026-03-16 06:50:46] SYNC file=wakfu.log size=691121
[2026-03-16 06:50:46] SYNC file=wakfu_chat.log size=150927
[2026-03-16 06:50:47] SYNC file=wakfu_chat.log size=151006
[2026-03-16 06:50:49] SYNC file=wakfu.log size=691198
[2026-03-16 06:50:52] SYNC file=wakfu.log size=691524
[2026-03-16 06:50:52] SYNC file=wakfu_chat.log size=151181
[2026-03-16 06:50:53] SYNC file=wakfu.log size=691601
[2026-03-16 06:50:56] SYNC file=wakfu.log size=691887
[2026-03-16 06:50:57] SYNC file=wakfu_chat.log size=151316
[2026-03-16 06:50:59] SYNC file=wakfu.log size=691964
[2026-03-16 06:51:02] SYNC file=wakfu.log size=692290
[2026-03-16 06:51:03] SYNC file=wakfu.log size=692367
[2026-03-16 06:51:03] SYNC file=wakfu_chat.log size=151491
[2026-03-16 06:51:06] SYNC file=wakfu.log size=692693
[2026-03-16 06:51:06] SYNC file=wakfu_chat.log size=151666
[2026-03-16 06:51:24] SYNC file=wakfu.log size=692921
[2026-03-16 06:51:24] SYNC file=wakfu_chat.log size=151824
[2026-03-16 06:51:27] SYNC file=wakfu.log size=692998
[2026-03-16 06:51:29] SYNC file=wakfu.log size=693324
[2026-03-16 06:51:30] SYNC file=wakfu_chat.log size=151999
[2026-03-16 06:51:31] SYNC file=wakfu.log size=693441
[2026-03-16 06:51:33] SYNC file=wakfu.log size=693524
[2026-03-16 06:51:34] SYNC file=wakfu.log size=693772
[2026-03-16 06:51:34] SYNC file=wakfu_chat.log size=152177
[2026-03-16 06:51:36] SYNC file=wakfu.log size=693906
[2026-03-16 06:51:52] SYNC file=wakfu.log size=694512
[2026-03-16 06:51:52] SYNC file=wakfu_chat.log size=152358
[2026-03-16 06:51:59] SYNC file=wakfu.log size=695718
[2026-03-16 06:52:04] SYNC file=wakfu.log size=695826
[2026-03-16 06:52:06] SYNC file=wakfu.log size=695962
[2026-03-16 06:52:09] SYNC file=wakfu.log size=696061
[2026-03-16 06:52:09] SYNC file=wakfu_chat.log size=152422
[2026-03-16 06:52:14] SYNC file=wakfu.log size=696373
[2026-03-16 06:52:27] SYNC file=wakfu.log size=696519
[2026-03-16 06:52:28] SYNC file=wakfu.log size=696665
[2026-03-16 06:52:29] SYNC file=wakfu.log size=696967
[2026-03-16 06:52:30] SYNC file=wakfu.log size=697112
[2026-03-16 06:53:04] SYNC file=wakfu.log size=697246
[2026-03-16 06:54:02] SYNC file=wakfu.log size=697484
[2026-03-16 06:54:02] SYNC file=wakfu_chat.log size=152480
[2026-03-16 06:54:39] SYNC file=wakfu.log size=697629
[2026-03-16 06:55:00] SYNC file=wakfu.log size=697774
[2026-03-16 06:55:25] SYNC file=wakfu.log size=698066
[2026-03-16 06:55:26] SYNC file=wakfu.log size=698358
[2026-03-16 06:55:27] SYNC file=wakfu.log size=699380
[2026-03-16 06:55:28] SYNC file=wakfu.log size=699526
[2026-03-16 06:55:29] SYNC file=wakfu.log size=699672
[2026-03-16 06:55:48] SYNC file=wakfu.log size=699817
[2026-03-16 06:55:52] SYNC file=wakfu.log size=700029
[2026-03-16 06:55:55] SYNC file=wakfu.log size=700333
[2026-03-16 06:56:19] SYNC file=wakfu.log size=700467
[2026-03-16 06:56:32] SYNC file=wakfu.log size=700558
[2026-03-16 06:56:32] SYNC file=wakfu_chat.log size=152536
[2026-03-16 06:56:37] SYNC file=wakfu.log size=700703
[2026-03-16 06:57:22] SYNC file=wakfu.log size=700799
[2026-03-16 06:57:23] SYNC file=wakfu_chat.log size=152597
[2026-03-16 06:58:09] SYNC file=wakfu.log size=700888
[2026-03-16 06:58:10] SYNC file=wakfu_chat.log size=152651
[2026-03-16 06:58:32] SYNC file=wakfu.log size=701022
[2026-03-16 07:00:22] SYNC file=wakfu.log size=701156
[2026-03-16 07:01:43] SYNC file=wakfu.log size=701264
[2026-03-16 07:01:43] SYNC file=wakfu_chat.log size=152724
[2026-03-16 07:02:32] SYNC file=wakfu.log size=701358
[2026-03-16 07:03:08] SYNC file=wakfu.log size=701492
[2026-03-16 07:03:09] SYNC file=wakfu.log size=701626
[2026-03-16 07:04:14] SYNC file=wakfu.log size=701894
[2026-03-16 07:04:16] SYNC file=wakfu.log size=702007
[2026-03-16 07:04:16] SYNC file=wakfu_chat.log size=152802
[2026-03-16 07:04:36] SYNC file=wakfu.log size=702141
[2026-03-16 07:05:03] SYNC file=wakfu.log size=702409
[2026-03-16 07:05:53] SYNC file=wakfu.log size=702543
[2026-03-16 07:06:47] SYNC file=wakfu.log size=702677
[2026-03-16 07:07:29] SYNC file=wakfu.log size=702811
[2026-03-16 07:07:33] SYNC file=wakfu.log size=702945
[2026-03-16 07:08:47] SYNC file=wakfu.log size=703079
[2026-03-16 07:09:59] SYNC file=wakfu.log size=703224
[2026-03-16 07:10:09] SYNC file=wakfu.log size=703369
[2026-03-16 07:11:51] SYNC file=wakfu.log size=703480
[2026-03-16 07:11:51] SYNC file=wakfu_chat.log size=152878
[2026-03-16 07:13:10] SYNC file=wakfu.log size=703614
[2026-03-16 07:13:12] SYNC file=wakfu.log size=703882
[2026-03-16 07:13:15] SYNC file=wakfu.log size=704016
[2026-03-16 07:13:16] SYNC file=wakfu.log size=704284
[2026-03-16 07:14:32] SYNC file=wakfu.log size=704418
[2026-03-16 07:14:35] SYNC file=wakfu.log size=704552
[2026-03-16 07:15:33] SYNC file=wakfu.log size=704686
[2026-03-16 07:15:34] SYNC file=wakfu.log size=704954
[2026-03-16 07:16:16] SYNC file=wakfu.log size=705099
[2026-03-16 07:18:04] SYNC file=wakfu.log size=705233
[2026-03-16 07:18:24] SYNC file=wakfu.log size=705336
[2026-03-16 07:18:24] SYNC file=wakfu_chat.log size=152946
[2026-03-16 07:18:45] SYNC file=wakfu.log size=705470
[2026-03-16 07:19:00] SYNC file=wakfu.log size=705762
[2026-03-16 07:19:02] SYNC file=wakfu.log size=706638
[2026-03-16 07:19:03] SYNC file=wakfu.log size=707076
[2026-03-16 07:19:04] SYNC file=wakfu.log size=707514
[2026-03-16 07:19:15] SYNC file=wakfu.log size=707806
[2026-03-16 07:19:29] SYNC file=wakfu.log size=707975
[2026-03-16 07:19:29] SYNC file=wakfu_chat.log size=153080
[2026-03-16 07:19:32] SYNC file=wakfu.log size=708121
[2026-03-16 07:19:33] SYNC file=wakfu.log size=708267
[2026-03-16 07:19:34] SYNC file=wakfu.log size=708413
[2026-03-16 07:19:36] SYNC file=wakfu.log size=708559
[2026-03-16 07:19:43] SYNC file=wakfu.log size=708687
[2026-03-16 07:20:39] SYNC file=wakfu.log size=708776
[2026-03-16 07:20:39] SYNC file=wakfu_chat.log size=153134
[2026-03-16 07:21:37] SYNC file=wakfu.log size=709044
[2026-03-16 07:22:16] SYNC file=wakfu.log size=709312
[2026-03-16 07:22:33] SYNC file=wakfu.log size=709443
[2026-03-16 07:22:35] SYNC file=wakfu_chat.log size=153230
[2026-03-16 07:22:56] SYNC file=wakfu.log size=709588
[2026-03-16 07:27:16] SYNC file=wakfu.log size=709722
[2026-03-16 07:27:31] SYNC file=wakfu.log size=709856
[2026-03-16 07:27:35] SYNC file=wakfu.log size=710001
[2026-03-16 07:31:52] SYNC file=wakfu.log size=710097
[2026-03-16 07:31:52] SYNC file=wakfu_chat.log size=153291
[2026-03-16 07:32:26] SYNC file=wakfu.log size=710633
[2026-03-16 07:32:32] SYNC file=wakfu.log size=710767
[2026-03-16 07:33:38] SYNC file=wakfu.log size=711169
[2026-03-16 07:33:39] SYNC file=wakfu.log size=711705
[2026-03-16 07:33:40] SYNC file=wakfu.log size=711839
[2026-03-16 07:33:44] SYNC file=wakfu.log size=711984
[2026-03-16 07:35:24] SYNC file=wakfu.log size=712118
[2026-03-16 07:35:26] SYNC file=wakfu.log size=712252
[2026-03-16 07:35:33] SYNC file=wakfu.log size=712397
[2026-03-16 07:36:16] SYNC file=wakfu.log size=716821
[2026-03-16 10:48:19] SYNC file=wakfu.log size=717060
[2026-03-16 10:48:20] SYNC file=wakfu.log size=717863
[2026-03-16 10:48:21] SYNC file=wakfu.log size=718947
[2026-03-16 10:48:23] SYNC file=wakfu.log size=720057
[2026-03-16 10:48:24] SYNC file=wakfu.log size=720750
[2026-03-16 10:48:26] SYNC file=wakfu.log size=724601
[2026-03-16 10:48:26] SYNC file=wakfu_chat.log size=153420
[2026-03-16 10:48:27] SYNC file=wakfu.log size=725387
[2026-03-16 10:48:27] SYNC file=wakfu_chat.log size=153624
[2026-03-16 10:48:28] SYNC file=wakfu.log size=725477
[2026-03-16 10:48:29] SYNC file=wakfu.log size=725572
[2026-03-16 10:48:31] SYNC file=wakfu.log size=726125
[2026-03-16 10:48:42] SYNC file=wakfu.log size=726271
[2026-03-16 10:48:43] SYNC file=wakfu.log size=726563
[2026-03-16 10:48:45] SYNC file=wakfu.log size=726709
[2026-03-16 10:48:52] SYNC file=wakfu.log size=726854
[2026-03-16 10:48:53] SYNC file=wakfu.log size=727000
[2026-03-16 10:49:03] SYNC file=wakfu.log size=727145
[2026-03-16 10:49:14] SYNC file=wakfu.log size=727268
[2026-03-16 10:49:14] SYNC file=wakfu_chat.log size=153712
[2026-03-16 10:49:38] SYNC file=wakfu.log size=727376
[2026-03-16 10:49:41] SYNC file=wakfu.log size=727512
[2026-03-16 10:49:44] SYNC file=wakfu.log size=727745
[2026-03-16 10:49:44] SYNC file=wakfu_chat.log size=153776
[2026-03-16 10:49:45] SYNC file=wakfu.log size=727957
[2026-03-16 10:49:46] SYNC file=wakfu.log size=728091
[2026-03-16 10:49:47] SYNC file=wakfu.log size=728236
[2026-03-16 10:49:48] SYNC file=wakfu.log size=728504
[2026-03-16 10:50:46] SYNC file=wakfu.log size=728607
[2026-03-16 10:50:46] SYNC file=wakfu_chat.log size=153844
[2026-03-16 10:52:08] SYNC file=wakfu.log size=729045
[2026-03-16 10:52:12] SYNC file=wakfu.log size=729671
[2026-03-16 10:52:12] SYNC file=wakfu_chat.log size=154110
[2026-03-16 10:52:41] SYNC file=wakfu.log size=729805
[2026-03-16 10:52:42] SYNC file=wakfu.log size=729939
[2026-03-16 10:52:56] SYNC file=wakfu.log size=730073
[2026-03-16 10:54:16] SYNC file=wakfu.log size=730194
[2026-03-16 10:54:16] SYNC file=wakfu_chat.log size=154196
[2026-03-16 10:54:31] SYNC file=wakfu.log size=730339
[2026-03-16 10:55:36] SYNC file=wakfu.log size=730484
[2026-03-16 10:57:04] SYNC file=wakfu.log size=730634
[2026-03-16 10:57:04] SYNC file=wakfu_chat.log size=154311
[2026-03-16 10:57:19] SYNC file=wakfu.log size=730902
[2026-03-16 10:57:43] SYNC file=wakfu.log size=732848
[2026-03-16 10:57:46] SYNC file=wakfu.log size=734794
[2026-03-16 10:57:55] SYNC file=wakfu.log size=734923
[2026-03-16 10:58:05] SYNC file=wakfu.log size=735031
[2026-03-16 10:58:07] SYNC file=wakfu.log size=735167
[2026-03-16 10:58:11] SYNC file=wakfu.log size=735283
[2026-03-16 10:58:11] SYNC file=wakfu_chat.log size=154392
[2026-03-16 10:58:12] SYNC file=wakfu.log size=735386
[2026-03-16 10:58:12] SYNC file=wakfu_chat.log size=154460
[2026-03-16 10:58:30] SYNC file=wakfu.log size=735654
[2026-03-16 10:58:48] SYNC file=wakfu.log size=735759
[2026-03-16 10:58:48] SYNC file=wakfu_chat.log size=154530
[2026-03-16 10:58:50] SYNC file=wakfu.log size=735843
[2026-03-16 10:58:50] SYNC file=wakfu_chat.log size=154579
[2026-03-16 10:59:03] SYNC file=wakfu.log size=735944
[2026-03-16 10:59:03] SYNC file=wakfu_chat.log size=154645
[2026-03-16 10:59:06] SYNC file=wakfu.log size=736614
[2026-03-16 10:59:07] SYNC file=wakfu.log size=736695
[2026-03-16 10:59:07] SYNC file=wakfu_chat.log size=154691
[2026-03-16 10:59:18] SYNC file=wakfu.log size=736792
[2026-03-16 10:59:18] SYNC file=wakfu_chat.log size=154753
[2026-03-16 10:59:31] SYNC file=wakfu.log size=736872
[2026-03-16 10:59:31] SYNC file=wakfu_chat.log size=154798
[2026-03-16 10:59:40] SYNC file=wakfu.log size=736985
[2026-03-16 10:59:41] SYNC file=wakfu_chat.log size=154876
[2026-03-16 10:59:49] SYNC file=wakfu.log size=737197
[2026-03-16 10:59:56] SYNC file=wakfu.log size=737501
[2026-03-16 10:59:57] SYNC file=wakfu.log size=738109
[2026-03-16 11:00:07] SYNC file=wakfu.log size=738304
[2026-03-16 11:00:08] SYNC file=wakfu.log size=738499
[2026-03-16 11:00:11] SYNC file=wakfu.log size=738901
[2026-03-16 11:00:27] SYNC file=wakfu.log size=739509
[2026-03-16 11:01:08] SYNC file=wakfu.log size=739911
[2026-03-16 11:01:13] SYNC file=wakfu.log size=740028
[2026-03-16 11:01:13] SYNC file=wakfu_chat.log size=154958
[2026-03-16 11:01:16] SYNC file=wakfu.log size=740162
[2026-03-16 11:01:33] SYNC file=wakfu.log size=740290
[2026-03-16 11:02:19] SYNC file=wakfu.log size=740435
[2026-03-16 11:02:48] SYNC file=wakfu.log size=740542
[2026-03-16 11:02:48] SYNC file=wakfu_chat.log size=155030
[2026-03-16 11:03:16] SYNC file=wakfu.log size=740687
[2026-03-16 11:03:54] SYNC file=wakfu.log size=740832
[2026-03-16 11:04:02] SYNC file=wakfu.log size=740949
[2026-03-16 11:04:02] SYNC file=wakfu_chat.log size=155112
[2026-03-16 11:04:05] SYNC file=wakfu.log size=741296
[2026-03-16 11:04:10] SYNC file=wakfu.log size=741502
[2026-03-16 11:04:10] SYNC file=wakfu_chat.log size=155283
[2026-03-16 11:04:51] SYNC file=wakfu.log size=741636
[2026-03-16 11:04:52] SYNC file=wakfu.log size=741770
[2026-03-16 11:04:57] SYNC file=wakfu.log size=741904
[2026-03-16 11:05:07] SYNC file=wakfu.log size=742049
[2026-03-16 11:05:40] SYNC file=wakfu.log size=742341
[2026-03-16 11:05:41] SYNC file=wakfu.log size=742779
[2026-03-16 11:05:42] SYNC file=wakfu.log size=742925
[2026-03-16 11:05:53] SYNC file=wakfu.log size=743046
[2026-03-16 11:05:53] SYNC file=wakfu_chat.log size=155369
[2026-03-16 11:06:08] SYNC file=wakfu.log size=743192
[2026-03-16 11:06:09] SYNC file=wakfu.log size=743484
[2026-03-16 11:06:10] SYNC file=wakfu.log size=743922
[2026-03-16 11:06:23] SYNC file=wakfu.log size=744067
[2026-03-16 11:06:24] SYNC file=wakfu.log size=744223
[2026-03-16 11:06:30] SYNC file=wakfu.log size=744369
[2026-03-16 11:06:38] SYNC file=wakfu.log size=744494
[2026-03-16 11:06:38] SYNC file=wakfu_chat.log size=155459
[2026-03-16 11:06:54] SYNC file=wakfu.log size=744640
[2026-03-16 11:07:00] SYNC file=wakfu.log size=744785
[2026-03-16 11:07:31] SYNC file=wakfu.log size=744886
[2026-03-16 11:07:32] SYNC file=wakfu_chat.log size=155525
[2026-03-16 11:07:49] SYNC file=wakfu.log size=745012
[2026-03-16 11:07:49] SYNC file=wakfu_chat.log size=155616
[2026-03-16 11:07:54] SYNC file=wakfu.log size=745146
[2026-03-16 11:07:56] SYNC file=wakfu.log size=745280
[2026-03-16 11:07:59] SYNC file=wakfu.log size=745414
[2026-03-16 11:08:28] SYNC file=wakfu.log size=745682
[2026-03-16 11:08:33] SYNC file=wakfu.log size=745827
[2026-03-16 11:08:35] SYNC file=wakfu.log size=745961
[2026-03-16 11:08:54] SYNC file=wakfu.log size=746079
[2026-03-16 11:08:54] SYNC file=wakfu_chat.log size=155699
[2026-03-16 11:10:12] SYNC file=wakfu.log size=746225
[2026-03-16 11:11:58] SYNC file=wakfu.log size=746350
[2026-03-16 11:11:58] SYNC file=wakfu_chat.log size=155789
[2026-03-16 11:12:06] SYNC file=wakfu.log size=746467
[2026-03-16 11:12:07] SYNC file=wakfu_chat.log size=155871
[2026-03-16 11:12:29] SYNC file=wakfu.log size=746603
[2026-03-16 11:12:31] SYNC file=wakfu.log size=746710
[2026-03-16 11:12:31] SYNC file=wakfu_chat.log size=155943
[2026-03-16 11:12:56] SYNC file=wakfu.log size=746839
[2026-03-16 11:12:59] SYNC file=wakfu.log size=746964
[2026-03-16 11:13:00] SYNC file=wakfu_chat.log size=156033
[2026-03-16 11:13:08] SYNC file=wakfu.log size=747109
[2026-03-16 11:14:10] SYNC file=wakfu.log size=747377
[2026-03-16 11:14:24] SYNC file=wakfu.log size=747506
[2026-03-16 11:15:36] SYNC file=wakfu.log size=747718
[2026-03-16 11:15:50] SYNC file=wakfu.log size=748006
[2026-03-16 11:15:52] SYNC file=wakfu.log size=749328
[2026-03-16 11:16:01] SYNC file=wakfu.log size=757080
[2026-03-16 11:16:05] SYNC file=wakfu.log size=757405
[2026-03-16 11:16:11] SYNC file=wakfu.log size=757673
[2026-03-16 11:16:12] SYNC file=wakfu.log size=757941
[2026-03-16 11:16:13] SYNC file=wakfu.log size=758075
[2026-03-16 11:16:33] SYNC file=wakfu.log size=758175
[2026-03-16 11:16:34] SYNC file=wakfu.log size=758484
[2026-03-16 11:16:36] SYNC file=wakfu_animation.log size=858655
[2026-03-16 11:16:37] SYNC file=wakfu.log size=758831
[2026-03-16 11:16:38] SYNC file=wakfu_chat.log size=156215
[2026-03-16 11:16:53] SYNC file=wakfu.log size=758931
[2026-03-16 11:16:56] SYNC file=wakfu.log size=759278
[2026-03-16 11:16:56] SYNC file=wakfu_chat.log size=156397
[2026-03-16 11:16:57] SYNC file=wakfu.log size=759378
[2026-03-16 11:16:59] SYNC file=wakfu.log size=759503
[2026-03-16 11:16:59] SYNC file=wakfu_chat.log size=156487
[2026-03-16 11:17:00] SYNC file=wakfu.log size=759850
[2026-03-16 11:17:00] SYNC file=wakfu_chat.log size=156669
[2026-03-16 11:17:02] SYNC file=wakfu.log size=759984
[2026-03-16 11:17:08] SYNC file=wakfu.log size=760085
[2026-03-16 11:17:09] SYNC file=wakfu_chat.log size=156735
[2026-03-16 11:17:55] SYNC file=wakfu.log size=760202
[2026-03-16 11:17:56] SYNC file=wakfu_chat.log size=156817
[2026-03-16 11:18:29] SYNC file=wakfu.log size=760327
[2026-03-16 11:18:29] SYNC file=wakfu_chat.log size=156907
[2026-03-16 11:19:37] SYNC file=wakfu.log size=760636
[2026-03-16 11:19:37] SYNC file=wakfu_animation.log size=858964
[2026-03-16 11:19:45] SYNC file=wakfu.log size=760770
[2026-03-16 11:19:55] SYNC file=wakfu.log size=760999
[2026-03-16 11:19:55] SYNC file=wakfu_chat.log size=157001
[2026-03-16 11:19:58] SYNC file=wakfu.log size=761614
[2026-03-16 11:19:58] SYNC file=wakfu_chat.log size=157183
[2026-03-16 11:20:03] SYNC file=wakfu.log size=761983
[2026-03-16 11:20:05] SYNC file=wakfu.log size=762453
[2026-03-16 11:20:06] SYNC file=wakfu.log size=762609
[2026-03-16 11:20:06] SYNC file=wakfu_chat.log size=157304
[2026-03-16 11:20:11] SYNC file=wakfu.log size=762720
[2026-03-16 11:20:12] SYNC file=wakfu.log size=762952
[2026-03-16 11:20:12] SYNC file=wakfu_chat.log size=157466
[2026-03-16 11:20:13] SYNC file=wakfu.log size=763066
[2026-03-16 11:20:14] SYNC file=wakfu.log size=763166
[2026-03-16 11:20:14] SYNC file=wakfu_chat.log size=157545
[2026-03-16 11:20:15] SYNC file=wakfu.log size=763299
[2026-03-16 11:20:15] SYNC file=wakfu_chat.log size=157610
[2026-03-16 11:20:18] SYNC file=wakfu.log size=763420
[2026-03-16 11:20:18] SYNC file=wakfu_chat.log size=157696
[2026-03-16 11:20:19] SYNC file=wakfu.log size=763521
[2026-03-16 11:20:19] SYNC file=wakfu_chat.log size=157762
[2026-03-16 11:20:20] SYNC file=wakfu.log size=763750
[2026-03-16 11:20:21] SYNC file=wakfu.log size=763877
[2026-03-16 11:20:21] SYNC file=wakfu_chat.log size=157921
[2026-03-16 11:20:22] SYNC file=wakfu.log size=764213
[2026-03-16 11:20:22] SYNC file=wakfu_chat.log size=158013
[2026-03-16 11:20:23] SYNC file=wakfu_chat.log size=158244
[2026-03-16 11:20:26] SYNC file=wakfu.log size=764323
[2026-03-16 11:20:27] SYNC file=wakfu.log size=764552
[2026-03-16 11:20:27] SYNC file=wakfu_chat.log size=158319
[2026-03-16 11:20:28] SYNC file=wakfu.log size=765077
[2026-03-16 11:20:28] SYNC file=wakfu_chat.log size=158478
[2026-03-16 11:20:29] SYNC file=wakfu_chat.log size=158863
[2026-03-16 11:20:30] SYNC file=wakfu.log size=767277
[2026-03-16 11:20:30] SYNC file=wakfu_chat.log size=160045
[2026-03-16 11:20:31] SYNC file=wakfu.log size=767486
[2026-03-16 11:20:31] SYNC file=wakfu_chat.log size=160340
[2026-03-16 11:20:39] SYNC file=wakfu.log size=767609
[2026-03-16 11:20:39] SYNC file=wakfu_chat.log size=160428
[2026-03-16 11:21:00] SYNC file=wakfu.log size=767713
[2026-03-16 11:21:00] SYNC file=wakfu_chat.log size=160497
[2026-03-16 11:21:36] SYNC file=wakfu.log size=767947
[2026-03-16 11:22:12] SYNC file=wakfu.log size=768181
[2026-03-16 11:22:18] SYNC file=wakfu.log size=768414
[2026-03-16 11:23:48] SYNC file=wakfu.log size=768521
[2026-03-16 11:23:50] SYNC file=wakfu_chat.log size=160569
[2026-03-16 11:23:59] SYNC file=wakfu.log size=768629
[2026-03-16 11:23:59] SYNC file=wakfu_chat.log size=160642
[2026-03-16 11:27:33] SYNC file=wakfu.log size=769284
[2026-03-16 11:27:33] SYNC file=wakfu_chat.log size=160809
[2026-03-16 11:27:35] SYNC file=wakfu.log size=769349
[2026-03-16 11:27:38] SYNC file=wakfu.log size=769472
[2026-03-16 11:27:38] SYNC file=wakfu_chat.log size=160897
[2026-03-16 11:27:41] SYNC file=wakfu.log size=769664
[2026-03-16 11:27:43] SYNC file=wakfu.log size=770764
[2026-03-16 11:27:44] SYNC file=wakfu.log size=771210
[2026-03-16 11:27:49] SYNC file=wakfu.log size=771318
[2026-03-16 11:27:51] SYNC file=wakfu.log size=771454
[2026-03-16 11:28:02] SYNC file=wakfu.log size=771660
[2026-03-16 11:28:03] SYNC file=wakfu_chat.log size=161033
[2026-03-16 11:28:45] SYNC file=wakfu.log size=771794
[2026-03-16 11:28:46] SYNC file=wakfu.log size=771928
[2026-03-16 11:29:13] SYNC file=wakfu.log size=772062
[2026-03-16 11:29:19] SYNC file=wakfu.log size=772598
[2026-03-16 11:29:31] SYNC file=wakfu.log size=772866
[2026-03-16 11:29:34] SYNC file=wakfu.log size=773011
[2026-03-16 11:29:35] SYNC file=wakfu.log size=773413
[2026-03-16 11:29:39] SYNC file=wakfu.log size=773681
[2026-03-16 11:30:00] SYNC file=wakfu.log size=773893
[2026-03-16 11:30:07] SYNC file=wakfu.log size=774085
[2026-03-16 11:30:08] SYNC file=wakfu.log size=774585
[2026-03-16 11:30:08] SYNC file=wakfu_chat.log size=161114
[2026-03-16 11:30:09] SYNC file=wakfu.log size=775907
[2026-03-16 11:30:17] SYNC file=wakfu.log size=783659
[2026-03-16 11:30:30] SYNC file=wakfu.log size=783759
[2026-03-16 11:30:32] SYNC file=wakfu.log size=784234
[2026-03-16 11:30:33] SYNC file=wakfu.log size=784441
[2026-03-16 11:30:35] SYNC file=wakfu.log size=784766
[2026-03-16 11:30:37] SYNC file=wakfu.log size=784866
[2026-03-16 11:30:40] SYNC file=wakfu.log size=785211
[2026-03-16 11:30:40] SYNC file=wakfu_chat.log size=161294
[2026-03-16 11:30:42] SYNC file=wakfu.log size=785665
[2026-03-16 11:30:44] SYNC file=wakfu.log size=786034
[2026-03-16 11:30:46] SYNC file=wakfu.log size=786654
[2026-03-16 11:30:47] SYNC file=wakfu.log size=786880
[2026-03-16 11:30:47] SYNC file=wakfu_chat.log size=161415
[2026-03-16 11:30:50] SYNC file=wakfu.log size=787223
[2026-03-16 11:30:51] SYNC file=wakfu_chat.log size=161577
[2026-03-16 11:30:56] SYNC file=wakfu.log size=787332
[2026-03-16 11:30:57] SYNC file=wakfu.log size=787433
[2026-03-16 11:30:57] SYNC file=wakfu_chat.log size=161717
[2026-03-16 11:30:58] SYNC file=wakfu.log size=787641
[2026-03-16 11:30:59] SYNC file=wakfu_chat.log size=161855
[2026-03-16 11:31:01] SYNC file=wakfu.log size=787768
[2026-03-16 11:31:01] SYNC file=wakfu_chat.log size=161947
[2026-03-16 11:31:02] SYNC file=wakfu.log size=788204
[2026-03-16 11:31:02] SYNC file=wakfu_chat.log size=162091
[2026-03-16 11:31:03] SYNC file=wakfu_chat.log size=162243
[2026-03-16 11:31:04] SYNC file=wakfu.log size=788314
[2026-03-16 11:31:05] SYNC file=wakfu.log size=788531
[2026-03-16 11:31:05] SYNC file=wakfu_chat.log size=162318
[2026-03-16 11:31:06] SYNC file=wakfu_chat.log size=162465
[2026-03-16 11:31:07] SYNC file=wakfu.log size=788770
[2026-03-16 11:31:08] SYNC file=wakfu_chat.log size=162634
[2026-03-16 11:31:09] SYNC file=wakfu.log size=789763
[2026-03-16 11:31:09] SYNC file=wakfu_chat.log size=163256
[2026-03-16 11:31:10] SYNC file=wakfu.log size=791045
[2026-03-16 11:31:10] SYNC file=wakfu_chat.log size=164057
[2026-03-16 11:31:43] SYNC file=wakfu.log size=791145
[2026-03-16 11:31:44] SYNC file=wakfu_chat.log size=164122
[2026-03-16 11:32:08] SYNC file=wakfu.log size=791247
[2026-03-16 11:32:09] SYNC file=wakfu.log size=791364
[2026-03-16 11:32:53] SYNC file=wakfu.log size=791689
[2026-03-16 11:32:55] SYNC file=wakfu.log size=791789
[2026-03-16 11:32:57] SYNC file=wakfu.log size=792128
[2026-03-16 11:32:58] SYNC file=wakfu_chat.log size=164296
[2026-03-16 11:33:00] SYNC file=wakfu.log size=792228
[2026-03-16 11:33:02] SYNC file=wakfu.log size=792322
[2026-03-16 11:33:02] SYNC file=wakfu_chat.log size=164355
[2026-03-16 11:33:03] SYNC file=wakfu.log size=792660
[2026-03-16 11:33:04] SYNC file=wakfu_chat.log size=164528
[2026-03-16 11:33:06] SYNC file=wakfu.log size=792985
[2026-03-16 11:33:13] SYNC file=wakfu.log size=793354
[2026-03-16 11:33:16] SYNC file=wakfu.log size=794428
[2026-03-16 11:33:16] SYNC file=wakfu_chat.log size=164649
[2026-03-16 11:33:19] SYNC file=wakfu.log size=794601
[2026-03-16 11:33:19] SYNC file=wakfu_chat.log size=164787
[2026-03-16 11:33:20] SYNC file=wakfu.log size=794712
[2026-03-16 11:33:21] SYNC file=wakfu.log size=795075
[2026-03-16 11:33:21] SYNC file=wakfu_chat.log size=165045
[2026-03-16 11:33:22] SYNC file=wakfu.log size=795208
[2026-03-16 11:33:25] SYNC file=wakfu.log size=795430
[2026-03-16 11:33:25] SYNC file=wakfu_chat.log size=165131
[2026-03-16 11:33:26] SYNC file=wakfu_chat.log size=165197
[2026-03-16 11:33:27] SYNC file=wakfu.log size=795644
[2026-03-16 11:33:27] SYNC file=wakfu_chat.log size=165272
[2026-03-16 11:33:28] SYNC file=wakfu_chat.log size=165341
[2026-03-16 11:33:30] SYNC file=wakfu.log size=795771
[2026-03-16 11:33:31] SYNC file=wakfu.log size=796103
[2026-03-16 11:33:31] SYNC file=wakfu_chat.log size=165433
[2026-03-16 11:33:32] SYNC file=wakfu_chat.log size=165660
[2026-03-16 11:33:35] SYNC file=wakfu.log size=796213
[2026-03-16 11:33:36] SYNC file=wakfu.log size=796434
[2026-03-16 11:33:36] SYNC file=wakfu_chat.log size=165735
[2026-03-16 11:33:37] SYNC file=wakfu.log size=796673
[2026-03-16 11:33:37] SYNC file=wakfu_chat.log size=165886
[2026-03-16 11:33:38] SYNC file=wakfu.log size=797577
[2026-03-16 11:33:38] SYNC file=wakfu_chat.log size=166055
[2026-03-16 11:33:39] SYNC file=wakfu.log size=798895
[2026-03-16 11:33:39] SYNC file=wakfu_chat.log size=166679
[2026-03-16 11:33:40] SYNC file=wakfu.log size=798960
[2026-03-16 11:33:40] SYNC file=wakfu_chat.log size=167490
[2026-03-16 11:33:44] SYNC file=wakfu.log size=799045
[2026-03-16 11:33:44] SYNC file=wakfu_chat.log size=167540
[2026-03-16 11:34:01] SYNC file=wakfu.log size=799131
[2026-03-16 11:34:10] SYNC file=wakfu.log size=799235
[2026-03-16 11:34:10] SYNC file=wakfu_chat.log size=167609
[2026-03-16 11:34:37] SYNC file=wakfu.log size=799660
[2026-03-16 11:34:40] SYNC file=wakfu.log size=799998
[2026-03-16 11:34:41] SYNC file=wakfu_chat.log size=167782
[2026-03-16 11:34:59] SYNC file=wakfu.log size=800589
[2026-03-16 11:35:00] SYNC file=wakfu_chat.log size=167949
[2026-03-16 11:35:06] SYNC file=wakfu.log size=801329
[2026-03-16 11:35:07] SYNC file=wakfu.log size=801795
[2026-03-16 11:35:12] SYNC file=wakfu.log size=801903
[2026-03-16 11:35:14] SYNC file=wakfu.log size=802153
[2026-03-16 11:35:14] SYNC file=wakfu_chat.log size=168028
[2026-03-16 11:35:15] SYNC file=wakfu.log size=802287
[2026-03-16 11:35:19] SYNC file=wakfu.log size=802421
[2026-03-16 11:35:22] SYNC file=wakfu.log size=802627
[2026-03-16 11:35:22] SYNC file=wakfu_chat.log size=168164
[2026-03-16 11:35:26] SYNC file=wakfu.log size=802839
[2026-03-16 11:35:45] SYNC file=wakfu.log size=803522
[2026-03-16 11:36:01] SYNC file=wakfu.log size=803638
[2026-03-16 11:36:04] SYNC file=wakfu.log size=803754
[2026-03-16 11:36:09] SYNC file=wakfu.log size=803870
[2026-03-16 11:36:11] SYNC file=wakfu.log size=803986
[2026-03-16 11:36:34] SYNC file=wakfu.log size=804085
[2026-03-16 11:36:35] SYNC file=wakfu.log size=805312
[2026-03-16 11:36:43] SYNC file=wakfu.log size=805419
[2026-03-16 11:36:44] SYNC file=wakfu_chat.log size=168236
[2026-03-16 11:37:23] SYNC file=wakfu.log size=805860
[2026-03-16 11:37:24] SYNC file=wakfu_chat.log size=168394
[2026-03-16 11:38:29] SYNC file=wakfu.log size=806128
[2026-03-16 11:39:09] SYNC file=wakfu.log size=806262
[2026-03-16 11:39:10] SYNC file=wakfu.log size=806407
[2026-03-16 11:39:29] SYNC file=wakfu.log size=806580
[2026-03-16 11:39:29] SYNC file=wakfu_chat.log size=168532
[2026-03-16 11:39:38] SYNC file=wakfu.log size=806714
[2026-03-16 11:39:41] SYNC file=wakfu.log size=809078
[2026-03-16 11:39:42] SYNC file=wakfu.log size=811504
[2026-03-16 11:39:57] SYNC file=wakfu.log size=819822
[2026-03-16 11:40:07] SYNC file=wakfu.log size=820131
[2026-03-16 11:40:07] SYNC file=wakfu_animation.log size=859273
[2026-03-16 11:40:10] SYNC file=wakfu.log size=820608
[2026-03-16 11:40:11] SYNC file=wakfu.log size=820887
[2026-03-16 11:40:11] SYNC file=wakfu_chat.log size=168610
[2026-03-16 11:40:17] SYNC file=wakfu.log size=821018
[2026-03-16 11:40:17] SYNC file=wakfu_chat.log size=168706
[2026-03-16 11:40:20] SYNC file=wakfu.log size=821307
[2026-03-16 11:40:24] SYNC file=wakfu.log size=821381
[2026-03-16 11:40:25] SYNC file=wakfu.log size=821596
[2026-03-16 11:40:30] SYNC file=wakfu.log size=821884
[2026-03-16 11:40:37] SYNC file=wakfu.log size=822466
[2026-03-16 11:40:37] SYNC file=wakfu_chat.log size=168963
[2026-03-16 11:40:38] SYNC file=wakfu.log size=822540
[2026-03-16 11:40:39] SYNC file=wakfu.log size=822911
[2026-03-16 11:40:42] SYNC file=wakfu.log size=823200
[2026-03-16 11:40:47] SYNC file=wakfu.log size=823601
[2026-03-16 11:40:47] SYNC file=wakfu_chat.log size=169041
[2026-03-16 11:40:57] SYNC file=wakfu.log size=825917
[2026-03-16 11:40:58] SYNC file=wakfu.log size=828343
[2026-03-16 11:41:07] SYNC file=wakfu.log size=828631
[2026-03-16 11:41:09] SYNC file=wakfu.log size=829906
[2026-03-16 11:41:19] SYNC file=wakfu.log size=837658
[2026-03-16 11:41:28] SYNC file=wakfu.log size=837758
[2026-03-16 11:41:31] SYNC file=wakfu.log size=838904
[2026-03-16 11:41:31] SYNC file=wakfu_chat.log size=169315
[2026-03-16 11:41:32] SYNC file=wakfu.log size=839361
[2026-03-16 11:41:34] SYNC file=wakfu.log size=839472
[2026-03-16 11:41:35] SYNC file=wakfu.log size=839837
[2026-03-16 11:41:35] SYNC file=wakfu_chat.log size=169477
[2026-03-16 11:41:40] SYNC file=wakfu.log size=839958
[2026-03-16 11:41:40] SYNC file=wakfu_chat.log size=169563
[2026-03-16 11:41:43] SYNC file=wakfu.log size=840114
[2026-03-16 11:41:44] SYNC file=wakfu.log size=840899
[2026-03-16 11:41:45] SYNC file=wakfu.log size=841495
[2026-03-16 11:41:45] SYNC file=wakfu_chat.log size=169817
[2026-03-16 11:41:51] SYNC file=wakfu.log size=841640
[2026-03-16 11:41:58] SYNC file=wakfu.log size=841756
[2026-03-16 11:41:59] SYNC file=wakfu.log size=842471
[2026-03-16 11:42:01] SYNC file=wakfu.log size=842536
[2026-03-16 11:42:02] SYNC file=wakfu.log size=842796
[2026-03-16 11:42:03] SYNC file=wakfu.log size=842912
[2026-03-16 11:42:10] SYNC file=wakfu.log size=843227
[2026-03-16 11:42:10] SYNC file=wakfu_chat.log size=169979
[2026-03-16 11:42:12] SYNC file=wakfu.log size=843344
[2026-03-16 11:42:14] SYNC file=wakfu.log size=843489
[2026-03-16 11:42:18] SYNC file=wakfu.log size=843804
[2026-03-16 11:42:18] SYNC file=wakfu_chat.log size=170141
[2026-03-16 11:42:22] SYNC file=wakfu.log size=843921
[2026-03-16 11:42:28] SYNC file=wakfu.log size=844236
[2026-03-16 11:42:29] SYNC file=wakfu_chat.log size=170303
[2026-03-16 11:42:31] SYNC file=wakfu.log size=844353
[2026-03-16 11:42:37] SYNC file=wakfu.log size=845351
[2026-03-16 11:42:38] SYNC file=wakfu_chat.log size=170557
[2026-03-16 11:42:39] SYNC file=wakfu.log size=845808
[2026-03-16 11:42:41] SYNC file=wakfu.log size=846151
[2026-03-16 11:42:42] SYNC file=wakfu.log size=846284
[2026-03-16 11:42:42] SYNC file=wakfu_chat.log size=170719
[2026-03-16 11:42:44] SYNC file=wakfu.log size=846405
[2026-03-16 11:42:45] SYNC file=wakfu_chat.log size=170805
[2026-03-16 11:42:46] SYNC file=wakfu.log size=846526
[2026-03-16 11:42:47] SYNC file=wakfu_chat.log size=170891
[2026-03-16 11:42:48] SYNC file=wakfu.log size=847444
[2026-03-16 11:42:49] SYNC file=wakfu.log size=848139
[2026-03-16 11:42:49] SYNC file=wakfu_chat.log size=171198
[2026-03-16 11:42:50] SYNC file=wakfu_chat.log size=171307
[2026-03-16 11:42:54] SYNC file=wakfu.log size=848407
[2026-03-16 11:43:31] SYNC file=wakfu.log size=848541
[2026-03-16 11:43:47] SYNC file=wakfu.log size=848668
[2026-03-16 11:43:48] SYNC file=wakfu_chat.log size=171399
[2026-03-16 11:44:24] SYNC file=wakfu.log size=848770
[2026-03-16 11:44:40] SYNC file=wakfu.log size=848970
[2026-03-16 11:44:49] SYNC file=wakfu.log size=849057
[2026-03-16 11:45:00] SYNC file=wakfu.log size=849459
[2026-03-16 11:45:10] SYNC file=wakfu.log size=849995
[2026-03-16 11:45:11] SYNC file=wakfu.log size=850168
[2026-03-16 11:45:12] SYNC file=wakfu_chat.log size=171537
[2026-03-16 11:45:53] SYNC file=wakfu.log size=850269
[2026-03-16 11:45:53] SYNC file=wakfu_chat.log size=171603
[2026-03-16 11:46:30] SYNC file=wakfu.log size=850373
[2026-03-16 11:46:30] SYNC file=wakfu_chat.log size=171672
[2026-03-16 11:47:36] SYNC file=wakfu.log size=850507
[2026-03-16 11:48:24] SYNC file=wakfu.log size=850641
[2026-03-16 11:48:34] SYNC file=wakfu.log size=850743
[2026-03-16 11:48:35] SYNC file=wakfu.log size=850829
[2026-03-16 11:48:40] SYNC file=wakfu.log size=851297
[2026-03-16 11:49:19] SYNC file=wakfu.log size=851400
[2026-03-16 11:49:20] SYNC file=wakfu_chat.log size=171740
[2026-03-16 11:49:24] SYNC file=wakfu.log size=851833
[2026-03-16 11:49:29] SYNC file=wakfu.log size=851935
[2026-03-16 11:49:30] SYNC file=wakfu.log size=852021
[2026-03-16 11:49:59] SYNC file=wakfu.log size=852487
[2026-03-16 11:50:05] SYNC file=wakfu.log size=852589
[2026-03-16 11:50:07] SYNC file=wakfu.log size=852803
[2026-03-16 11:50:20] SYNC file=wakfu.log size=852976
[2026-03-16 11:50:20] SYNC file=wakfu_chat.log size=171878
[2026-03-16 11:50:29] SYNC file=wakfu.log size=853088
[2026-03-16 11:50:30] SYNC file=wakfu_chat.log size=171955
[2026-03-16 11:50:50] SYNC file=wakfu_chat.log size=172027
[2026-03-16 11:50:51] SYNC file=wakfu.log size=853195
[2026-03-16 11:50:53] SYNC file=wakfu.log size=853628
[2026-03-16 11:50:59] SYNC file=wakfu.log size=853730
[2026-03-16 11:51:00] SYNC file=wakfu.log size=853944
[2026-03-16 11:51:18] SYNC file=wakfu.log size=854029
[2026-03-16 11:51:18] SYNC file=wakfu_chat.log size=172077
[2026-03-16 11:51:20] SYNC file=wakfu.log size=854429
[2026-03-16 11:51:26] SYNC file=wakfu.log size=854531
[2026-03-16 11:51:27] SYNC file=wakfu.log size=854617
[2026-03-16 11:51:50] SYNC file=wakfu.log size=855048
[2026-03-16 11:52:34] SYNC file=wakfu.log size=855182
[2026-03-16 11:52:54] SYNC file=wakfu.log size=855308
[2026-03-16 11:52:54] SYNC file=wakfu_chat.log size=172168
[2026-03-16 11:53:11] SYNC file=wakfu.log size=855419
[2026-03-16 11:53:12] SYNC file=wakfu.log size=855821
[2026-03-16 11:53:12] SYNC file=wakfu_chat.log size=172244
[2026-03-16 11:54:24] SYNC file=wakfu.log size=855925
[2026-03-16 11:54:24] SYNC file=wakfu_chat.log size=172313
[2026-03-16 11:54:54] SYNC file=wakfu.log size=856158
[2026-03-16 11:55:07] SYNC file=wakfu.log size=856275
[2026-03-16 11:55:13] SYNC file=wakfu.log size=856590
[2026-03-16 11:55:14] SYNC file=wakfu_chat.log size=172475
[2026-03-16 11:55:15] SYNC file=wakfu.log size=856915
[2026-03-16 11:55:16] SYNC file=wakfu.log size=857240
[2026-03-16 11:55:17] SYNC file=wakfu.log size=857357
[2026-03-16 11:55:22] SYNC file=wakfu.log size=857672
[2026-03-16 11:55:22] SYNC file=wakfu_chat.log size=172637
[2026-03-16 11:55:25] SYNC file=wakfu.log size=857819
[2026-03-16 11:55:26] SYNC file=wakfu.log size=857935
[2026-03-16 11:55:32] SYNC file=wakfu.log size=858250
[2026-03-16 11:55:33] SYNC file=wakfu_chat.log size=172799
[2026-03-16 11:55:34] SYNC file=wakfu.log size=858423
[2026-03-16 11:55:35] SYNC file=wakfu_chat.log size=172937
[2026-03-16 11:55:36] SYNC file=wakfu.log size=858540
[2026-03-16 11:55:43] SYNC file=wakfu.log size=858855
[2026-03-16 11:55:44] SYNC file=wakfu_chat.log size=173099
[2026-03-16 11:55:47] SYNC file=wakfu.log size=858972
[2026-03-16 11:55:51] SYNC file=wakfu.log size=859088
[2026-03-16 11:55:51] SYNC file=wakfu_chat.log size=173180
[2026-03-16 11:55:52] SYNC file=wakfu.log size=859171
[2026-03-16 11:55:53] SYNC file=wakfu.log size=859537
[2026-03-16 11:55:53] SYNC file=wakfu_chat.log size=173342
[2026-03-16 11:55:54] SYNC file=wakfu.log size=859671
[2026-03-16 11:55:57] SYNC file=wakfu.log size=859788
[2026-03-16 11:56:03] SYNC file=wakfu.log size=859871
[2026-03-16 11:56:04] SYNC file=wakfu.log size=860103
[2026-03-16 11:56:04] SYNC file=wakfu_chat.log size=173504
[2026-03-16 11:56:25] SYNC file=wakfu.log size=860216
[2026-03-16 11:56:25] SYNC file=wakfu_chat.log size=173582
[2026-03-16 11:56:27] SYNC file=wakfu.log size=860618
[2026-03-16 11:56:44] SYNC file=wakfu.log size=860714
[2026-03-16 11:56:44] SYNC file=wakfu_chat.log size=173643
[2026-03-16 11:57:27] SYNC file=wakfu.log size=860848
[2026-03-16 11:57:49] SYNC file=wakfu.log size=860949
[2026-03-16 11:57:50] SYNC file=wakfu_chat.log size=173709
[2026-03-16 11:58:26] SYNC file=wakfu.log size=861060
[2026-03-16 11:58:27] SYNC file=wakfu_chat.log size=173785
[2026-03-16 11:58:36] SYNC file=wakfu.log size=861208
[2026-03-16 11:58:37] SYNC file=wakfu_chat.log size=173898
[2026-03-16 11:59:49] SYNC file=wakfu.log size=861328
[2026-03-16 11:59:49] SYNC file=wakfu_chat.log size=173983
[2026-03-16 11:59:58] SYNC file=wakfu.log size=861432
[2026-03-16 11:59:58] SYNC file=wakfu_chat.log size=174052
[2026-03-16 12:00:50] SYNC file=wakfu.log size=862079
[2026-03-16 12:00:50] SYNC file=wakfu_chat.log size=174146
[2026-03-16 12:00:53] SYNC file=wakfu.log size=862198
[2026-03-16 12:00:53] SYNC file=wakfu_chat.log size=174230
[2026-03-16 12:01:01] SYNC file=wakfu.log size=862507
[2026-03-16 12:01:01] SYNC file=wakfu_animation.log size=859582
[2026-03-16 12:01:02] SYNC file=wakfu.log size=862816
[2026-03-16 12:01:02] SYNC file=wakfu_animation.log size=859891
[2026-03-16 12:01:06] SYNC file=wakfu.log size=862989
[2026-03-16 12:01:07] SYNC file=wakfu_chat.log size=174368
[2026-03-16 12:01:30] SYNC file=wakfu.log size=863106
[2026-03-16 12:01:30] SYNC file=wakfu_chat.log size=174450
[2026-03-16 12:01:32] SYNC file=wakfu.log size=863191
[2026-03-16 12:01:32] SYNC file=wakfu_chat.log size=174500
[2026-03-16 12:01:36] SYNC file=wakfu.log size=863309
[2026-03-16 12:01:37] SYNC file=wakfu_chat.log size=174583
[2026-03-16 12:01:49] SYNC file=wakfu.log size=863416
[2026-03-16 12:01:49] SYNC file=wakfu_chat.log size=174655
[2026-03-16 12:01:50] SYNC file=wakfu.log size=863528
[2026-03-16 12:01:50] SYNC file=wakfu_chat.log size=174732
[2026-03-16 12:01:54] SYNC file=wakfu.log size=863914
[2026-03-16 12:01:54] SYNC file=wakfu_chat.log size=174815
[2026-03-16 12:02:02] SYNC file=wakfu.log size=864028
[2026-03-16 12:02:02] SYNC file=wakfu_chat.log size=174894
[2026-03-16 12:02:11] SYNC file=wakfu.log size=864337
[2026-03-16 12:02:11] SYNC file=wakfu_animation.log size=860200
[2026-03-16 12:02:18] SYNC file=wakfu.log size=864551
[2026-03-16 12:02:18] SYNC file=wakfu_chat.log size=175073
[2026-03-16 12:02:22] SYNC file=wakfu.log size=864860
[2026-03-16 12:02:22] SYNC file=wakfu_animation.log size=860509
[2026-03-16 12:02:57] SYNC file=wakfu.log size=865169
[2026-03-16 12:02:57] SYNC file=wakfu_animation.log size=860818
[2026-03-16 12:03:15] SYNC file=wakfu.log size=865268
[2026-03-16 12:03:16] SYNC file=wakfu.log size=865372
[2026-03-16 12:03:16] SYNC file=wakfu_chat.log size=175137
[2026-03-16 12:03:17] SYNC file=wakfu_chat.log size=175206
[2026-03-16 12:03:19] SYNC file=wakfu.log size=865640
[2026-03-16 12:03:47] SYNC file=wakfu.log size=865740
[2026-03-16 12:03:47] SYNC file=wakfu_chat.log size=175271
[2026-03-16 12:04:11] SYNC file=wakfu.log size=865827
[2026-03-16 12:04:11] SYNC file=wakfu_chat.log size=175323
[2026-03-16 12:04:21] SYNC file=wakfu.log size=865946
[2026-03-16 12:04:22] SYNC file=wakfu_chat.log size=175407
[2026-03-16 12:04:28] SYNC file=wakfu.log size=866055
[2026-03-16 12:04:28] SYNC file=wakfu_chat.log size=175481
[2026-03-16 12:05:07] SYNC file=wakfu.log size=866364
[2026-03-16 12:05:07] SYNC file=wakfu_chat.log size=175755
[2026-03-16 12:05:29] SYNC file=wakfu.log size=866438
[2026-03-16 12:05:30] SYNC file=wakfu.log size=866868
[2026-03-16 12:05:30] SYNC file=wakfu_chat.log size=175832
[2026-03-16 12:06:14] SYNC file=wakfu.log size=866980
[2026-03-16 12:06:14] SYNC file=wakfu_chat.log size=175909
[2026-03-16 12:06:21] SYNC file=wakfu.log size=867096
[2026-03-16 12:06:23] SYNC file=wakfu.log size=867212
[2026-03-16 12:06:24] SYNC file=wakfu.log size=867450
[2026-03-16 12:06:25] SYNC file=wakfu_chat.log size=175996
[2026-03-16 12:06:27] SYNC file=wakfu.log size=867566
[2026-03-16 12:06:34] SYNC file=wakfu.log size=867682
[2026-03-16 12:06:36] SYNC file=wakfu.log size=867798
[2026-03-16 12:06:41] SYNC file=wakfu.log size=867914
[2026-03-16 12:07:02] SYNC file=wakfu.log size=868028
[2026-03-16 12:07:02] SYNC file=wakfu_chat.log size=176075
[2026-03-16 12:07:07] SYNC file=wakfu.log size=868201
[2026-03-16 12:07:07] SYNC file=wakfu_chat.log size=176213
[2026-03-16 12:07:46] SYNC file=wakfu.log size=868317
[2026-03-16 12:07:46] SYNC file=wakfu_chat.log size=176294
[2026-03-16 12:08:12] SYNC file=wakfu.log size=868421
[2026-03-16 12:08:12] SYNC file=wakfu_chat.log size=176363
[2026-03-16 12:08:17] SYNC file=wakfu.log size=868552
[2026-03-16 12:08:17] SYNC file=wakfu_chat.log size=176459
[2026-03-16 12:08:39] SYNC file=wakfu.log size=868654
[2026-03-16 12:08:39] SYNC file=wakfu_chat.log size=176526
[2026-03-16 12:09:16] SYNC file=wakfu.log size=868763
[2026-03-16 12:09:17] SYNC file=wakfu_chat.log size=176600
[2026-03-16 12:09:27] SYNC file=wakfu.log size=868882
[2026-03-16 12:09:27] SYNC file=wakfu_chat.log size=176684
[2026-03-16 12:09:43] SYNC file=wakfu.log size=868982
[2026-03-16 12:09:43] SYNC file=wakfu_chat.log size=176749
[2026-03-16 12:11:41] SYNC file=wakfu.log size=869104
[2026-03-16 12:11:42] SYNC file=wakfu_chat.log size=176836
[2026-03-16 12:11:54] SYNC file=wakfu.log size=869216
[2026-03-16 12:11:54] SYNC file=wakfu_chat.log size=176913
[2026-03-16 12:13:44] SYNC file=wakfu.log size=869284
[2026-03-16 12:13:45] SYNC file=wakfu.log size=870337
